{"/Users/vasyaevdokimov/repos/personal-finance-dss/frontend/src/app/providers/QueryProvider.tsx": {"path":"/Users/vasyaevdokimov/repos/personal-finance-dss/frontend/src/app/providers/QueryProvider.tsx","statementMap":{"0":{"start":{"line":8,"column":19},"end":{"line":18,"column":null}},"1":{"start":{"line":10,"column":6},"end":{"line":17,"column":null}},"2":{"start":{"line":20,"column":2},"end":{"line":20,"column":null}}},"fnMap":{"0":{"name":"QueryProvider","decl":{"start":{"line":7,"column":16},"end":{"line":7,"column":30}},"loc":{"start":{"line":7,"column":69},"end":{"line":21,"column":null}},"line":7},"1":{"name":"(anonymous_1)","decl":{"start":{"line":8,"column":19},"end":{"line":8,"column":null}},"loc":{"start":{"line":10,"column":6},"end":{"line":17,"column":null}},"line":10}},"branchMap":{},"s":{"0":0,"1":0,"2":0},"f":{"0":0,"1":0},"b":{},"meta":{"lastBranch":0,"lastFunction":2,"lastStatement":3,"seen":{"f:7:16:7:30":0,"s:8:19:18:Infinity":0,"f:8:19:8:Infinity":1,"s:10:6:17:Infinity":1,"s:20:2:20:Infinity":2},"fnNames":{}}}
,"/Users/vasyaevdokimov/repos/personal-finance-dss/frontend/src/app/providers/index.ts": {"path":"/Users/vasyaevdokimov/repos/personal-finance-dss/frontend/src/app/providers/index.ts","statementMap":{},"fnMap":{},"branchMap":{},"s":{},"f":{},"b":{},"meta":{"lastBranch":0,"lastFunction":0,"lastStatement":0,"seen":{},"fnNames":{}}}
,"/Users/vasyaevdokimov/repos/personal-finance-dss/frontend/src/entities/assets/index.ts": {"path":"/Users/vasyaevdokimov/repos/personal-finance-dss/frontend/src/entities/assets/index.ts","statementMap":{},"fnMap":{},"branchMap":{},"s":{},"f":{},"b":{},"meta":{"lastBranch":0,"lastFunction":0,"lastStatement":0,"seen":{},"fnNames":{}}}
,"/Users/vasyaevdokimov/repos/personal-finance-dss/frontend/src/entities/assets/api/useLiquidAssets.ts": {"path":"/Users/vasyaevdokimov/repos/personal-finance-dss/frontend/src/entities/assets/api/useLiquidAssets.ts","statementMap":{"0":{"start":{"line":11,"column":25},"end":{"line":11,"column":null}},"1":{"start":{"line":16,"column":2},"end":{"line":22,"column":null}},"2":{"start":{"line":19,"column":23},"end":{"line":19,"column":null}},"3":{"start":{"line":20,"column":6},"end":{"line":20,"column":null}},"4":{"start":{"line":27,"column":22},"end":{"line":27,"column":37}},"5":{"start":{"line":28,"column":2},"end":{"line":28,"column":null}},"6":{"start":{"line":28,"column":15},"end":{"line":28,"column":null}},"7":{"start":{"line":32,"column":21},"end":{"line":32,"column":null}},"8":{"start":{"line":33,"column":2},"end":{"line":39,"column":null}},"9":{"start":{"line":35,"column":23},"end":{"line":35,"column":null}},"10":{"start":{"line":36,"column":6},"end":{"line":36,"column":null}},"11":{"start":{"line":43,"column":21},"end":{"line":43,"column":null}},"12":{"start":{"line":44,"column":2},"end":{"line":54,"column":null}},"13":{"start":{"line":46,"column":23},"end":{"line":50,"column":null}},"14":{"start":{"line":51,"column":6},"end":{"line":51,"column":null}},"15":{"start":{"line":58,"column":21},"end":{"line":58,"column":null}},"16":{"start":{"line":59,"column":2},"end":{"line":65,"column":null}},"17":{"start":{"line":61,"column":6},"end":{"line":61,"column":null}},"18":{"start":{"line":62,"column":6},"end":{"line":62,"column":null}},"19":{"start":{"line":69,"column":21},"end":{"line":69,"column":null}},"20":{"start":{"line":70,"column":2},"end":{"line":79,"column":null}},"21":{"start":{"line":72,"column":23},"end":{"line":75,"column":null}},"22":{"start":{"line":76,"column":6},"end":{"line":76,"column":null}}},"fnMap":{"0":{"name":"useLiquidAssets","decl":{"start":{"line":15,"column":16},"end":{"line":15,"column":34}},"loc":{"start":{"line":15,"column":34},"end":{"line":23,"column":null}},"line":15},"1":{"name":"(anonymous_1)","decl":{"start":{"line":18,"column":13},"end":{"line":18,"column":25}},"loc":{"start":{"line":18,"column":25},"end":{"line":21,"column":null}},"line":18},"2":{"name":"useInvalidateAssets","decl":{"start":{"line":26,"column":9},"end":{"line":26,"column":31}},"loc":{"start":{"line":26,"column":31},"end":{"line":29,"column":null}},"line":26},"3":{"name":"(anonymous_3)","decl":{"start":{"line":28,"column":2},"end":{"line":28,"column":15}},"loc":{"start":{"line":28,"column":15},"end":{"line":28,"column":null}},"line":28},"4":{"name":"useCreateAsset","decl":{"start":{"line":31,"column":16},"end":{"line":31,"column":33}},"loc":{"start":{"line":31,"column":33},"end":{"line":40,"column":null}},"line":31},"5":{"name":"(anonymous_5)","decl":{"start":{"line":34,"column":16},"end":{"line":34,"column":23}},"loc":{"start":{"line":34,"column":51},"end":{"line":37,"column":null}},"line":34},"6":{"name":"useUpdateAsset","decl":{"start":{"line":42,"column":16},"end":{"line":42,"column":33}},"loc":{"start":{"line":42,"column":33},"end":{"line":55,"column":null}},"line":42},"7":{"name":"(anonymous_7)","decl":{"start":{"line":45,"column":16},"end":{"line":45,"column":23}},"loc":{"start":{"line":45,"column":81},"end":{"line":52,"column":null}},"line":45},"8":{"name":"useDeleteAsset","decl":{"start":{"line":57,"column":16},"end":{"line":57,"column":33}},"loc":{"start":{"line":57,"column":33},"end":{"line":66,"column":null}},"line":57},"9":{"name":"(anonymous_9)","decl":{"start":{"line":60,"column":16},"end":{"line":60,"column":23}},"loc":{"start":{"line":60,"column":38},"end":{"line":63,"column":null}},"line":60},"10":{"name":"useRestoreAsset","decl":{"start":{"line":68,"column":16},"end":{"line":68,"column":34}},"loc":{"start":{"line":68,"column":34},"end":{"line":80,"column":null}},"line":68},"11":{"name":"(anonymous_11)","decl":{"start":{"line":71,"column":16},"end":{"line":71,"column":23}},"loc":{"start":{"line":71,"column":38},"end":{"line":77,"column":null}},"line":71}},"branchMap":{},"s":{"0":1,"1":4,"2":2,"3":1,"4":10,"5":10,"6":4,"7":4,"8":4,"9":2,"10":1,"11":2,"12":2,"13":1,"14":1,"15":2,"16":2,"17":1,"18":1,"19":2,"20":2,"21":1,"22":1},"f":{"0":4,"1":2,"2":10,"3":4,"4":4,"5":2,"6":2,"7":1,"8":2,"9":1,"10":2,"11":1},"b":{},"meta":{"lastBranch":0,"lastFunction":12,"lastStatement":23,"seen":{"s:11:25:11:Infinity":0,"f:15:16:15:34":0,"s:16:2:22:Infinity":1,"f:18:13:18:25":1,"s:19:23:19:Infinity":2,"s:20:6:20:Infinity":3,"f:26:9:26:31":2,"s:27:22:27:37":4,"s:28:2:28:Infinity":5,"f:28:2:28:15":3,"s:28:15:28:Infinity":6,"f:31:16:31:33":4,"s:32:21:32:Infinity":7,"s:33:2:39:Infinity":8,"f:34:16:34:23":5,"s:35:23:35:Infinity":9,"s:36:6:36:Infinity":10,"f:42:16:42:33":6,"s:43:21:43:Infinity":11,"s:44:2:54:Infinity":12,"f:45:16:45:23":7,"s:46:23:50:Infinity":13,"s:51:6:51:Infinity":14,"f:57:16:57:33":8,"s:58:21:58:Infinity":15,"s:59:2:65:Infinity":16,"f:60:16:60:23":9,"s:61:6:61:Infinity":17,"s:62:6:62:Infinity":18,"f:68:16:68:34":10,"s:69:21:69:Infinity":19,"s:70:2:79:Infinity":20,"f:71:16:71:23":11,"s:72:23:75:Infinity":21,"s:76:6:76:Infinity":22},"fnNames":{}}}
,"/Users/vasyaevdokimov/repos/personal-finance-dss/frontend/src/entities/assets/model/types.ts": {"path":"/Users/vasyaevdokimov/repos/personal-finance-dss/frontend/src/entities/assets/model/types.ts","statementMap":{},"fnMap":{},"branchMap":{},"s":{},"f":{},"b":{},"meta":{"lastBranch":0,"lastFunction":0,"lastStatement":0,"seen":{},"fnNames":{}}}
,"/Users/vasyaevdokimov/repos/personal-finance-dss/frontend/src/entities/auth/index.ts": {"path":"/Users/vasyaevdokimov/repos/personal-finance-dss/frontend/src/entities/auth/index.ts","statementMap":{},"fnMap":{},"branchMap":{},"s":{},"f":{},"b":{},"meta":{"lastBranch":0,"lastFunction":0,"lastStatement":0,"seen":{},"fnNames":{}}}
,"/Users/vasyaevdokimov/repos/personal-finance-dss/frontend/src/entities/auth/api/useAuth.ts": {"path":"/Users/vasyaevdokimov/repos/personal-finance-dss/frontend/src/entities/auth/api/useAuth.ts","statementMap":{"0":{"start":{"line":29,"column":22},"end":{"line":29,"column":37}},"1":{"start":{"line":30,"column":2},"end":{"line":30,"column":null}},"2":{"start":{"line":30,"column":15},"end":{"line":30,"column":null}},"3":{"start":{"line":34,"column":21},"end":{"line":34,"column":null}},"4":{"start":{"line":35,"column":2},"end":{"line":41,"column":null}},"5":{"start":{"line":37,"column":23},"end":{"line":37,"column":null}},"6":{"start":{"line":38,"column":6},"end":{"line":38,"column":null}},"7":{"start":{"line":45,"column":21},"end":{"line":45,"column":null}},"8":{"start":{"line":46,"column":2},"end":{"line":57,"column":null}},"9":{"start":{"line":48,"column":23},"end":{"line":48,"column":null}},"10":{"start":{"line":49,"column":6},"end":{"line":49,"column":null}},"11":{"start":{"line":55,"column":6},"end":{"line":55,"column":null}},"12":{"start":{"line":55,"column":30},"end":{"line":55,"column":null}},"13":{"start":{"line":73,"column":21},"end":{"line":73,"column":null}},"14":{"start":{"line":74,"column":2},"end":{"line":80,"column":null}},"15":{"start":{"line":76,"column":23},"end":{"line":76,"column":null}},"16":{"start":{"line":77,"column":6},"end":{"line":77,"column":null}},"17":{"start":{"line":84,"column":21},"end":{"line":84,"column":null}},"18":{"start":{"line":85,"column":2},"end":{"line":90,"column":null}},"19":{"start":{"line":87,"column":6},"end":{"line":87,"column":null}},"20":{"start":{"line":105,"column":21},"end":{"line":105,"column":null}},"21":{"start":{"line":106,"column":2},"end":{"line":115,"column":null}},"22":{"start":{"line":108,"column":23},"end":{"line":111,"column":null}},"23":{"start":{"line":112,"column":6},"end":{"line":112,"column":null}},"24":{"start":{"line":126,"column":21},"end":{"line":126,"column":null}},"25":{"start":{"line":127,"column":2},"end":{"line":133,"column":null}},"26":{"start":{"line":129,"column":23},"end":{"line":129,"column":null}},"27":{"start":{"line":130,"column":6},"end":{"line":130,"column":null}},"28":{"start":{"line":146,"column":2},"end":{"line":153,"column":null}},"29":{"start":{"line":148,"column":23},"end":{"line":150,"column":null}},"30":{"start":{"line":151,"column":6},"end":{"line":151,"column":null}},"31":{"start":{"line":157,"column":2},"end":{"line":162,"column":null}},"32":{"start":{"line":159,"column":23},"end":{"line":159,"column":null}},"33":{"start":{"line":160,"column":6},"end":{"line":160,"column":null}},"34":{"start":{"line":166,"column":2},"end":{"line":171,"column":null}},"35":{"start":{"line":168,"column":23},"end":{"line":168,"column":null}},"36":{"start":{"line":169,"column":6},"end":{"line":169,"column":null}}},"fnMap":{"0":{"name":"useInvalidateProfile","decl":{"start":{"line":28,"column":9},"end":{"line":28,"column":32}},"loc":{"start":{"line":28,"column":32},"end":{"line":31,"column":null}},"line":28},"1":{"name":"(anonymous_1)","decl":{"start":{"line":30,"column":2},"end":{"line":30,"column":15}},"loc":{"start":{"line":30,"column":15},"end":{"line":30,"column":null}},"line":30},"2":{"name":"useRegister","decl":{"start":{"line":33,"column":16},"end":{"line":33,"column":30}},"loc":{"start":{"line":33,"column":30},"end":{"line":42,"column":null}},"line":33},"3":{"name":"(anonymous_3)","decl":{"start":{"line":36,"column":16},"end":{"line":36,"column":23}},"loc":{"start":{"line":36,"column":49},"end":{"line":39,"column":null}},"line":36},"4":{"name":"useLogin","decl":{"start":{"line":44,"column":16},"end":{"line":44,"column":27}},"loc":{"start":{"line":44,"column":27},"end":{"line":58,"column":null}},"line":44},"5":{"name":"(anonymous_5)","decl":{"start":{"line":47,"column":16},"end":{"line":47,"column":23}},"loc":{"start":{"line":47,"column":46},"end":{"line":50,"column":null}},"line":47},"6":{"name":"(anonymous_6)","decl":{"start":{"line":54,"column":4},"end":{"line":54,"column":16}},"loc":{"start":{"line":54,"column":25},"end":{"line":56,"column":null}},"line":54},"7":{"name":"useMfaVerify","decl":{"start":{"line":72,"column":16},"end":{"line":72,"column":31}},"loc":{"start":{"line":72,"column":31},"end":{"line":81,"column":null}},"line":72},"8":{"name":"(anonymous_8)","decl":{"start":{"line":75,"column":16},"end":{"line":75,"column":23}},"loc":{"start":{"line":75,"column":50},"end":{"line":78,"column":null}},"line":75},"9":{"name":"useLogout","decl":{"start":{"line":83,"column":16},"end":{"line":83,"column":28}},"loc":{"start":{"line":83,"column":28},"end":{"line":91,"column":null}},"line":83},"10":{"name":"(anonymous_10)","decl":{"start":{"line":86,"column":16},"end":{"line":86,"column":28}},"loc":{"start":{"line":86,"column":28},"end":{"line":88,"column":null}},"line":86},"11":{"name":"useChangePassword","decl":{"start":{"line":104,"column":16},"end":{"line":104,"column":36}},"loc":{"start":{"line":104,"column":36},"end":{"line":116,"column":null}},"line":104},"12":{"name":"(anonymous_12)","decl":{"start":{"line":107,"column":16},"end":{"line":107,"column":23}},"loc":{"start":{"line":107,"column":55},"end":{"line":113,"column":null}},"line":107},"13":{"name":"useDeleteAccount","decl":{"start":{"line":125,"column":16},"end":{"line":125,"column":35}},"loc":{"start":{"line":125,"column":35},"end":{"line":134,"column":null}},"line":125},"14":{"name":"(anonymous_14)","decl":{"start":{"line":128,"column":16},"end":{"line":128,"column":28}},"loc":{"start":{"line":128,"column":28},"end":{"line":131,"column":null}},"line":128},"15":{"name":"useResendVerification","decl":{"start":{"line":145,"column":16},"end":{"line":145,"column":40}},"loc":{"start":{"line":145,"column":40},"end":{"line":154,"column":null}},"line":145},"16":{"name":"(anonymous_16)","decl":{"start":{"line":147,"column":16},"end":{"line":147,"column":28}},"loc":{"start":{"line":147,"column":28},"end":{"line":152,"column":null}},"line":147},"17":{"name":"useForgotPassword","decl":{"start":{"line":156,"column":16},"end":{"line":156,"column":36}},"loc":{"start":{"line":156,"column":36},"end":{"line":163,"column":null}},"line":156},"18":{"name":"(anonymous_18)","decl":{"start":{"line":158,"column":16},"end":{"line":158,"column":23}},"loc":{"start":{"line":158,"column":55},"end":{"line":161,"column":null}},"line":158},"19":{"name":"useResetPassword","decl":{"start":{"line":165,"column":16},"end":{"line":165,"column":35}},"loc":{"start":{"line":165,"column":35},"end":{"line":172,"column":null}},"line":165},"20":{"name":"(anonymous_20)","decl":{"start":{"line":167,"column":16},"end":{"line":167,"column":23}},"loc":{"start":{"line":167,"column":54},"end":{"line":170,"column":null}},"line":167}},"branchMap":{"0":{"loc":{"start":{"line":55,"column":6},"end":{"line":55,"column":null}},"type":"if","locations":[{"start":{"line":55,"column":6},"end":{"line":55,"column":null}},{"start":{},"end":{}}],"line":55}},"s":{"0":18,"1":18,"2":7,"3":2,"4":2,"5":1,"6":1,"7":6,"8":6,"9":3,"10":2,"11":2,"12":1,"13":4,"14":4,"15":2,"16":2,"17":2,"18":2,"19":1,"20":2,"21":2,"22":1,"23":1,"24":2,"25":2,"26":1,"27":1,"28":2,"29":1,"30":1,"31":2,"32":1,"33":1,"34":2,"35":1,"36":1},"f":{"0":18,"1":7,"2":2,"3":1,"4":6,"5":3,"6":2,"7":4,"8":2,"9":2,"10":1,"11":2,"12":1,"13":2,"14":1,"15":2,"16":1,"17":2,"18":1,"19":2,"20":1},"b":{"0":[1,1]},"meta":{"lastBranch":1,"lastFunction":21,"lastStatement":37,"seen":{"f:28:9:28:32":0,"s:29:22:29:37":0,"s:30:2:30:Infinity":1,"f:30:2:30:15":1,"s:30:15:30:Infinity":2,"f:33:16:33:30":2,"s:34:21:34:Infinity":3,"s:35:2:41:Infinity":4,"f:36:16:36:23":3,"s:37:23:37:Infinity":5,"s:38:6:38:Infinity":6,"f:44:16:44:27":4,"s:45:21:45:Infinity":7,"s:46:2:57:Infinity":8,"f:47:16:47:23":5,"s:48:23:48:Infinity":9,"s:49:6:49:Infinity":10,"f:54:4:54:16":6,"b:55:6:55:Infinity:undefined:undefined:undefined:undefined":0,"s:55:6:55:Infinity":11,"s:55:30:55:Infinity":12,"f:72:16:72:31":7,"s:73:21:73:Infinity":13,"s:74:2:80:Infinity":14,"f:75:16:75:23":8,"s:76:23:76:Infinity":15,"s:77:6:77:Infinity":16,"f:83:16:83:28":9,"s:84:21:84:Infinity":17,"s:85:2:90:Infinity":18,"f:86:16:86:28":10,"s:87:6:87:Infinity":19,"f:104:16:104:36":11,"s:105:21:105:Infinity":20,"s:106:2:115:Infinity":21,"f:107:16:107:23":12,"s:108:23:111:Infinity":22,"s:112:6:112:Infinity":23,"f:125:16:125:35":13,"s:126:21:126:Infinity":24,"s:127:2:133:Infinity":25,"f:128:16:128:28":14,"s:129:23:129:Infinity":26,"s:130:6:130:Infinity":27,"f:145:16:145:40":15,"s:146:2:153:Infinity":28,"f:147:16:147:28":16,"s:148:23:150:Infinity":29,"s:151:6:151:Infinity":30,"f:156:16:156:36":17,"s:157:2:162:Infinity":31,"f:158:16:158:23":18,"s:159:23:159:Infinity":32,"s:160:6:160:Infinity":33,"f:165:16:165:35":19,"s:166:2:171:Infinity":34,"f:167:16:167:23":20,"s:168:23:168:Infinity":35,"s:169:6:169:Infinity":36},"fnNames":{}}}
,"/Users/vasyaevdokimov/repos/personal-finance-dss/frontend/src/entities/auth/lib/isSessionExpired.ts": {"path":"/Users/vasyaevdokimov/repos/personal-finance-dss/frontend/src/entities/auth/lib/isSessionExpired.ts","statementMap":{"0":{"start":{"line":19,"column":2},"end":{"line":19,"column":null}},"1":{"start":{"line":19,"column":77},"end":{"line":19,"column":null}},"2":{"start":{"line":20,"column":2},"end":{"line":20,"column":null}}},"fnMap":{"0":{"name":"isSessionExpired","decl":{"start":{"line":13,"column":16},"end":{"line":13,"column":33}},"loc":{"start":{"line":13,"column":58},"end":{"line":21,"column":null}},"line":13}},"branchMap":{"0":{"loc":{"start":{"line":19,"column":2},"end":{"line":19,"column":null}},"type":"if","locations":[{"start":{"line":19,"column":2},"end":{"line":19,"column":null}},{"start":{},"end":{}}],"line":19}},"s":{"0":29,"1":2,"2":27},"f":{"0":29},"b":{"0":[2,27]},"meta":{"lastBranch":1,"lastFunction":1,"lastStatement":3,"seen":{"f:13:16:13:33":0,"b:19:2:19:Infinity:undefined:undefined:undefined:undefined":0,"s:19:2:19:Infinity":0,"s:19:77:19:Infinity":1,"s:20:2:20:Infinity":2},"fnNames":{}}}
,"/Users/vasyaevdokimov/repos/personal-finance-dss/frontend/src/entities/auth/model/types.ts": {"path":"/Users/vasyaevdokimov/repos/personal-finance-dss/frontend/src/entities/auth/model/types.ts","statementMap":{},"fnMap":{},"branchMap":{},"s":{},"f":{},"b":{},"meta":{"lastBranch":0,"lastFunction":0,"lastStatement":0,"seen":{},"fnNames":{}}}
,"/Users/vasyaevdokimov/repos/personal-finance-dss/frontend/src/entities/auth/ui/SessionExpiredPanel.tsx": {"path":"/Users/vasyaevdokimov/repos/personal-finance-dss/frontend/src/entities/auth/ui/SessionExpiredPanel.tsx","statementMap":{"0":{"start":{"line":19,"column":17},"end":{"line":19,"column":null}},"1":{"start":{"line":20,"column":2},"end":{"line":40,"column":null}}},"fnMap":{"0":{"name":"SessionExpiredPanel","decl":{"start":{"line":15,"column":16},"end":{"line":15,"column":36}},"loc":{"start":{"line":15,"column":77},"end":{"line":42,"column":null}},"line":15}},"branchMap":{"0":{"loc":{"start":{"line":19,"column":17},"end":{"line":19,"column":null}},"type":"cond-expr","locations":[{"start":{"line":19,"column":30},"end":{"line":19,"column":57}},{"start":{"line":19,"column":57},"end":{"line":19,"column":null}}],"line":19}},"s":{"0":5,"1":5},"f":{"0":5},"b":{"0":[2,3]},"meta":{"lastBranch":1,"lastFunction":1,"lastStatement":2,"seen":{"f:15:16:15:36":0,"s:19:17:19:Infinity":0,"b:19:30:19:57:19:57:19:Infinity":0,"s:20:2:40:Infinity":1},"fnNames":{}}}
,"/Users/vasyaevdokimov/repos/personal-finance-dss/frontend/src/entities/bank-import/index.ts": {"path":"/Users/vasyaevdokimov/repos/personal-finance-dss/frontend/src/entities/bank-import/index.ts","statementMap":{},"fnMap":{},"branchMap":{},"s":{},"f":{},"b":{},"meta":{"lastBranch":0,"lastFunction":0,"lastStatement":0,"seen":{},"fnNames":{}}}
,"/Users/vasyaevdokimov/repos/personal-finance-dss/frontend/src/entities/bank-import/api/useBankImport.ts": {"path":"/Users/vasyaevdokimov/repos/personal-finance-dss/frontend/src/entities/bank-import/api/useBankImport.ts","statementMap":{"0":{"start":{"line":7,"column":2},"end":{"line":15,"column":null}},"1":{"start":{"line":12,"column":23},"end":{"line":12,"column":null}},"2":{"start":{"line":13,"column":6},"end":{"line":13,"column":null}},"3":{"start":{"line":31,"column":22},"end":{"line":31,"column":37}},"4":{"start":{"line":32,"column":2},"end":{"line":46,"column":null}},"5":{"start":{"line":34,"column":23},"end":{"line":37,"column":null}},"6":{"start":{"line":38,"column":6},"end":{"line":38,"column":null}},"7":{"start":{"line":41,"column":6},"end":{"line":41,"column":null}},"8":{"start":{"line":41,"column":39},"end":{"line":41,"column":null}},"9":{"start":{"line":42,"column":6},"end":{"line":42,"column":null}},"10":{"start":{"line":43,"column":6},"end":{"line":43,"column":null}},"11":{"start":{"line":44,"column":6},"end":{"line":44,"column":null}}},"fnMap":{"0":{"name":"useBanks","decl":{"start":{"line":6,"column":16},"end":{"line":6,"column":27}},"loc":{"start":{"line":6,"column":27},"end":{"line":16,"column":null}},"line":6},"1":{"name":"(anonymous_1)","decl":{"start":{"line":11,"column":13},"end":{"line":11,"column":25}},"loc":{"start":{"line":11,"column":25},"end":{"line":14,"column":null}},"line":11},"2":{"name":"useUploadStatement","decl":{"start":{"line":30,"column":16},"end":{"line":30,"column":37}},"loc":{"start":{"line":30,"column":37},"end":{"line":47,"column":null}},"line":30},"3":{"name":"(anonymous_3)","decl":{"start":{"line":33,"column":16},"end":{"line":33,"column":23}},"loc":{"start":{"line":33,"column":64},"end":{"line":39,"column":null}},"line":33},"4":{"name":"(anonymous_4)","decl":{"start":{"line":40,"column":4},"end":{"line":40,"column":16}},"loc":{"start":{"line":40,"column":27},"end":{"line":45,"column":null}},"line":40}},"branchMap":{"0":{"loc":{"start":{"line":13,"column":14},"end":{"line":13,"column":null}},"type":"binary-expr","locations":[{"start":{"line":13,"column":14},"end":{"line":13,"column":22}},{"start":{"line":13,"column":22},"end":{"line":13,"column":null}}],"line":13},"1":{"loc":{"start":{"line":41,"column":6},"end":{"line":41,"column":null}},"type":"if","locations":[{"start":{"line":41,"column":6},"end":{"line":41,"column":null}},{"start":{},"end":{}}],"line":41}},"s":{"0":2,"1":1,"2":1,"3":4,"4":4,"5":2,"6":2,"7":2,"8":1,"9":1,"10":1,"11":1},"f":{"0":2,"1":1,"2":4,"3":2,"4":2},"b":{"0":[1,1],"1":[1,1]},"meta":{"lastBranch":2,"lastFunction":5,"lastStatement":12,"seen":{"f:6:16:6:27":0,"s:7:2:15:Infinity":0,"f:11:13:11:25":1,"s:12:23:12:Infinity":1,"s:13:6:13:Infinity":2,"b:13:14:13:22:13:22:13:Infinity":0,"f:30:16:30:37":2,"s:31:22:31:37":3,"s:32:2:46:Infinity":4,"f:33:16:33:23":3,"s:34:23:37:Infinity":5,"s:38:6:38:Infinity":6,"f:40:4:40:16":4,"b:41:6:41:Infinity:undefined:undefined:undefined:undefined":1,"s:41:6:41:Infinity":7,"s:41:39:41:Infinity":8,"s:42:6:42:Infinity":9,"s:43:6:43:Infinity":10,"s:44:6:44:Infinity":11},"fnNames":{}}}
,"/Users/vasyaevdokimov/repos/personal-finance-dss/frontend/src/entities/bank-import/model/types.ts": {"path":"/Users/vasyaevdokimov/repos/personal-finance-dss/frontend/src/entities/bank-import/model/types.ts","statementMap":{},"fnMap":{},"branchMap":{},"s":{},"f":{},"b":{},"meta":{"lastBranch":0,"lastFunction":0,"lastStatement":0,"seen":{},"fnNames":{}}}
,"/Users/vasyaevdokimov/repos/personal-finance-dss/frontend/src/entities/budgets/index.ts": {"path":"/Users/vasyaevdokimov/repos/personal-finance-dss/frontend/src/entities/budgets/index.ts","statementMap":{},"fnMap":{},"branchMap":{},"s":{},"f":{},"b":{},"meta":{"lastBranch":0,"lastFunction":0,"lastStatement":0,"seen":{},"fnNames":{}}}
,"/Users/vasyaevdokimov/repos/personal-finance-dss/frontend/src/entities/budgets/api/useBudgets.ts": {"path":"/Users/vasyaevdokimov/repos/personal-finance-dss/frontend/src/entities/budgets/api/useBudgets.ts","statementMap":{"0":{"start":{"line":10,"column":26},"end":{"line":10,"column":null}},"1":{"start":{"line":16,"column":2},"end":{"line":22,"column":null}},"2":{"start":{"line":19,"column":23},"end":{"line":19,"column":null}},"3":{"start":{"line":20,"column":6},"end":{"line":20,"column":null}},"4":{"start":{"line":26,"column":22},"end":{"line":26,"column":37}},"5":{"start":{"line":27,"column":2},"end":{"line":27,"column":null}},"6":{"start":{"line":27,"column":15},"end":{"line":27,"column":null}},"7":{"start":{"line":35,"column":21},"end":{"line":35,"column":null}},"8":{"start":{"line":36,"column":2},"end":{"line":42,"column":null}},"9":{"start":{"line":38,"column":23},"end":{"line":38,"column":null}},"10":{"start":{"line":39,"column":6},"end":{"line":39,"column":null}},"11":{"start":{"line":46,"column":21},"end":{"line":46,"column":null}},"12":{"start":{"line":47,"column":2},"end":{"line":56,"column":null}},"13":{"start":{"line":49,"column":6},"end":{"line":52,"column":null}},"14":{"start":{"line":53,"column":6},"end":{"line":53,"column":null}},"15":{"start":{"line":60,"column":21},"end":{"line":60,"column":null}},"16":{"start":{"line":61,"column":2},"end":{"line":70,"column":null}},"17":{"start":{"line":63,"column":23},"end":{"line":66,"column":null}},"18":{"start":{"line":67,"column":6},"end":{"line":67,"column":null}}},"fnMap":{"0":{"name":"useBudgetStatus","decl":{"start":{"line":15,"column":16},"end":{"line":15,"column":34}},"loc":{"start":{"line":15,"column":34},"end":{"line":23,"column":null}},"line":15},"1":{"name":"(anonymous_1)","decl":{"start":{"line":18,"column":13},"end":{"line":18,"column":25}},"loc":{"start":{"line":18,"column":25},"end":{"line":21,"column":null}},"line":18},"2":{"name":"useInvalidateBudgets","decl":{"start":{"line":25,"column":9},"end":{"line":25,"column":32}},"loc":{"start":{"line":25,"column":32},"end":{"line":28,"column":null}},"line":25},"3":{"name":"(anonymous_3)","decl":{"start":{"line":27,"column":2},"end":{"line":27,"column":15}},"loc":{"start":{"line":27,"column":15},"end":{"line":27,"column":null}},"line":27},"4":{"name":"useCreateBudget","decl":{"start":{"line":34,"column":16},"end":{"line":34,"column":34}},"loc":{"start":{"line":34,"column":34},"end":{"line":43,"column":null}},"line":34},"5":{"name":"(anonymous_5)","decl":{"start":{"line":37,"column":16},"end":{"line":37,"column":23}},"loc":{"start":{"line":37,"column":46},"end":{"line":40,"column":null}},"line":37},"6":{"name":"useDeleteBudget","decl":{"start":{"line":45,"column":16},"end":{"line":45,"column":34}},"loc":{"start":{"line":45,"column":34},"end":{"line":57,"column":null}},"line":45},"7":{"name":"(anonymous_7)","decl":{"start":{"line":48,"column":16},"end":{"line":48,"column":23}},"loc":{"start":{"line":48,"column":38},"end":{"line":54,"column":null}},"line":48},"8":{"name":"useRestoreBudget","decl":{"start":{"line":59,"column":16},"end":{"line":59,"column":35}},"loc":{"start":{"line":59,"column":35},"end":{"line":71,"column":null}},"line":59},"9":{"name":"(anonymous_9)","decl":{"start":{"line":62,"column":16},"end":{"line":62,"column":23}},"loc":{"start":{"line":62,"column":38},"end":{"line":68,"column":null}},"line":62}},"branchMap":{"0":{"loc":{"start":{"line":20,"column":13},"end":{"line":20,"column":null}},"type":"binary-expr","locations":[{"start":{"line":20,"column":13},"end":{"line":20,"column":21}},{"start":{"line":20,"column":21},"end":{"line":20,"column":null}}],"line":20}},"s":{"0":1,"1":6,"2":3,"3":2,"4":8,"5":8,"6":3,"7":4,"8":4,"9":2,"10":1,"11":2,"12":2,"13":1,"14":1,"15":2,"16":2,"17":1,"18":1},"f":{"0":6,"1":3,"2":8,"3":3,"4":4,"5":2,"6":2,"7":1,"8":2,"9":1},"b":{"0":[2,1]},"meta":{"lastBranch":1,"lastFunction":10,"lastStatement":19,"seen":{"s:10:26:10:Infinity":0,"f:15:16:15:34":0,"s:16:2:22:Infinity":1,"f:18:13:18:25":1,"s:19:23:19:Infinity":2,"s:20:6:20:Infinity":3,"b:20:13:20:21:20:21:20:Infinity":0,"f:25:9:25:32":2,"s:26:22:26:37":4,"s:27:2:27:Infinity":5,"f:27:2:27:15":3,"s:27:15:27:Infinity":6,"f:34:16:34:34":4,"s:35:21:35:Infinity":7,"s:36:2:42:Infinity":8,"f:37:16:37:23":5,"s:38:23:38:Infinity":9,"s:39:6:39:Infinity":10,"f:45:16:45:34":6,"s:46:21:46:Infinity":11,"s:47:2:56:Infinity":12,"f:48:16:48:23":7,"s:49:6:52:Infinity":13,"s:53:6:53:Infinity":14,"f:59:16:59:35":8,"s:60:21:60:Infinity":15,"s:61:2:70:Infinity":16,"f:62:16:62:23":9,"s:63:23:66:Infinity":17,"s:67:6:67:Infinity":18},"fnNames":{}}}
,"/Users/vasyaevdokimov/repos/personal-finance-dss/frontend/src/entities/budgets/model/types.ts": {"path":"/Users/vasyaevdokimov/repos/personal-finance-dss/frontend/src/entities/budgets/model/types.ts","statementMap":{},"fnMap":{},"branchMap":{},"s":{},"f":{},"b":{},"meta":{"lastBranch":0,"lastFunction":0,"lastStatement":0,"seen":{},"fnNames":{}}}
,"/Users/vasyaevdokimov/repos/personal-finance-dss/frontend/src/entities/consents/index.ts": {"path":"/Users/vasyaevdokimov/repos/personal-finance-dss/frontend/src/entities/consents/index.ts","statementMap":{},"fnMap":{},"branchMap":{},"s":{},"f":{},"b":{},"meta":{"lastBranch":0,"lastFunction":0,"lastStatement":0,"seen":{},"fnNames":{}}}
,"/Users/vasyaevdokimov/repos/personal-finance-dss/frontend/src/entities/consents/api/useConsents.ts": {"path":"/Users/vasyaevdokimov/repos/personal-finance-dss/frontend/src/entities/consents/api/useConsents.ts","statementMap":{"0":{"start":{"line":9,"column":27},"end":{"line":9,"column":null}},"1":{"start":{"line":13,"column":2},"end":{"line":19,"column":null}},"2":{"start":{"line":16,"column":23},"end":{"line":16,"column":null}},"3":{"start":{"line":17,"column":6},"end":{"line":17,"column":null}},"4":{"start":{"line":27,"column":22},"end":{"line":27,"column":37}},"5":{"start":{"line":28,"column":2},"end":{"line":28,"column":null}},"6":{"start":{"line":28,"column":15},"end":{"line":28,"column":null}},"7":{"start":{"line":32,"column":21},"end":{"line":32,"column":null}},"8":{"start":{"line":33,"column":2},"end":{"line":42,"column":null}},"9":{"start":{"line":35,"column":23},"end":{"line":38,"column":null}},"10":{"start":{"line":39,"column":6},"end":{"line":39,"column":null}},"11":{"start":{"line":46,"column":21},"end":{"line":46,"column":null}},"12":{"start":{"line":47,"column":2},"end":{"line":56,"column":null}},"13":{"start":{"line":49,"column":6},"end":{"line":52,"column":null}},"14":{"start":{"line":53,"column":6},"end":{"line":53,"column":null}}},"fnMap":{"0":{"name":"useConsents","decl":{"start":{"line":12,"column":16},"end":{"line":12,"column":30}},"loc":{"start":{"line":12,"column":30},"end":{"line":20,"column":null}},"line":12},"1":{"name":"(anonymous_1)","decl":{"start":{"line":15,"column":13},"end":{"line":15,"column":25}},"loc":{"start":{"line":15,"column":25},"end":{"line":18,"column":null}},"line":15},"2":{"name":"useInvalidateAfterConsentChange","decl":{"start":{"line":26,"column":9},"end":{"line":26,"column":43}},"loc":{"start":{"line":26,"column":43},"end":{"line":29,"column":null}},"line":26},"3":{"name":"(anonymous_3)","decl":{"start":{"line":28,"column":2},"end":{"line":28,"column":15}},"loc":{"start":{"line":28,"column":15},"end":{"line":28,"column":null}},"line":28},"4":{"name":"useGrantConsent","decl":{"start":{"line":31,"column":16},"end":{"line":31,"column":34}},"loc":{"start":{"line":31,"column":34},"end":{"line":43,"column":null}},"line":31},"5":{"name":"(anonymous_5)","decl":{"start":{"line":34,"column":16},"end":{"line":34,"column":23}},"loc":{"start":{"line":34,"column":52},"end":{"line":40,"column":null}},"line":34},"6":{"name":"useWithdrawConsent","decl":{"start":{"line":45,"column":16},"end":{"line":45,"column":37}},"loc":{"start":{"line":45,"column":37},"end":{"line":57,"column":null}},"line":45},"7":{"name":"(anonymous_7)","decl":{"start":{"line":48,"column":16},"end":{"line":48,"column":23}},"loc":{"start":{"line":48,"column":52},"end":{"line":54,"column":null}},"line":48}},"branchMap":{},"s":{"0":1,"1":2,"2":1,"3":1,"4":6,"5":6,"6":2,"7":4,"8":4,"9":2,"10":1,"11":2,"12":2,"13":1,"14":1},"f":{"0":2,"1":1,"2":6,"3":2,"4":4,"5":2,"6":2,"7":1},"b":{},"meta":{"lastBranch":0,"lastFunction":8,"lastStatement":15,"seen":{"s:9:27:9:Infinity":0,"f:12:16:12:30":0,"s:13:2:19:Infinity":1,"f:15:13:15:25":1,"s:16:23:16:Infinity":2,"s:17:6:17:Infinity":3,"f:26:9:26:43":2,"s:27:22:27:37":4,"s:28:2:28:Infinity":5,"f:28:2:28:15":3,"s:28:15:28:Infinity":6,"f:31:16:31:34":4,"s:32:21:32:Infinity":7,"s:33:2:42:Infinity":8,"f:34:16:34:23":5,"s:35:23:38:Infinity":9,"s:39:6:39:Infinity":10,"f:45:16:45:37":6,"s:46:21:46:Infinity":11,"s:47:2:56:Infinity":12,"f:48:16:48:23":7,"s:49:6:52:Infinity":13,"s:53:6:53:Infinity":14},"fnNames":{}}}
,"/Users/vasyaevdokimov/repos/personal-finance-dss/frontend/src/entities/consents/model/types.ts": {"path":"/Users/vasyaevdokimov/repos/personal-finance-dss/frontend/src/entities/consents/model/types.ts","statementMap":{},"fnMap":{},"branchMap":{},"s":{},"f":{},"b":{},"meta":{"lastBranch":0,"lastFunction":0,"lastStatement":0,"seen":{},"fnNames":{}}}
,"/Users/vasyaevdokimov/repos/personal-finance-dss/frontend/src/entities/consents/ui/ConsentRequiredPanel.tsx": {"path":"/Users/vasyaevdokimov/repos/personal-finance-dss/frontend/src/entities/consents/ui/ConsentRequiredPanel.tsx","statementMap":{"0":{"start":{"line":29,"column":16},"end":{"line":29,"column":32}},"1":{"start":{"line":32,"column":4},"end":{"line":32,"column":null}},"2":{"start":{"line":32,"column":25},"end":{"line":32,"column":null}},"3":{"start":{"line":33,"column":4},"end":{"line":36,"column":null}},"4":{"start":{"line":35,"column":21},"end":{"line":35,"column":null}},"5":{"start":{"line":39,"column":2},"end":{"line":66,"column":null}}},"fnMap":{"0":{"name":"ConsentRequiredPanel","decl":{"start":{"line":19,"column":16},"end":{"line":19,"column":37}},"loc":{"start":{"line":28,"column":3},"end":{"line":68,"column":null}},"line":28},"1":{"name":"handleGrant","decl":{"start":{"line":31,"column":11},"end":{"line":31,"column":25}},"loc":{"start":{"line":31,"column":25},"end":{"line":37,"column":null}},"line":31},"2":{"name":"(anonymous_2)","decl":{"start":{"line":35,"column":6},"end":{"line":35,"column":21}},"loc":{"start":{"line":35,"column":21},"end":{"line":35,"column":null}},"line":35}},"branchMap":{"0":{"loc":{"start":{"line":32,"column":4},"end":{"line":32,"column":null}},"type":"if","locations":[{"start":{"line":32,"column":4},"end":{"line":32,"column":null}},{"start":{},"end":{}}],"line":32},"1":{"loc":{"start":{"line":51,"column":11},"end":{"line":51,"column":null}},"type":"cond-expr","locations":[{"start":{"line":51,"column":29},"end":{"line":51,"column":51}},{"start":{"line":51,"column":51},"end":{"line":51,"column":null}}],"line":51},"2":{"loc":{"start":{"line":56,"column":7},"end":{"line":66,"column":null}},"type":"binary-expr","locations":[{"start":{"line":56,"column":7},"end":{"line":56,"column":null}},{"start":{"line":59,"column":8},"end":{"line":66,"column":null}}],"line":56},"3":{"loc":{"start":{"line":61,"column":13},"end":{"line":61,"column":null}},"type":"binary-expr","locations":[{"start":{"line":61,"column":13},"end":{"line":61,"column":37}},{"start":{"line":61,"column":37},"end":{"line":61,"column":null}}],"line":61}},"s":{"0":8,"1":4,"2":1,"3":3,"4":1,"5":8},"f":{"0":8,"1":4,"2":1},"b":{"0":[1,3],"1":[2,6],"2":[8,7],"3":[7,0]},"meta":{"lastBranch":4,"lastFunction":3,"lastStatement":6,"seen":{"f:19:16:19:37":0,"s:29:16:29:32":0,"f:31:11:31:25":1,"b:32:4:32:Infinity:undefined:undefined:undefined:undefined":0,"s:32:4:32:Infinity":1,"s:32:25:32:Infinity":2,"s:33:4:36:Infinity":3,"f:35:6:35:21":2,"s:35:21:35:Infinity":4,"s:39:2:66:Infinity":5,"b:51:29:51:51:51:51:51:Infinity":1,"b:56:7:56:Infinity:59:8:66:Infinity":2,"b:61:13:61:37:61:37:61:Infinity":3},"fnNames":{}}}
,"/Users/vasyaevdokimov/repos/personal-finance-dss/frontend/src/entities/demo/index.ts": {"path":"/Users/vasyaevdokimov/repos/personal-finance-dss/frontend/src/entities/demo/index.ts","statementMap":{},"fnMap":{},"branchMap":{},"s":{},"f":{},"b":{},"meta":{"lastBranch":0,"lastFunction":0,"lastStatement":0,"seen":{},"fnNames":{}}}
,"/Users/vasyaevdokimov/repos/personal-finance-dss/frontend/src/entities/demo/api/useDemoCases.ts": {"path":"/Users/vasyaevdokimov/repos/personal-finance-dss/frontend/src/entities/demo/api/useDemoCases.ts","statementMap":{"0":{"start":{"line":12,"column":2},"end":{"line":20,"column":null}},"1":{"start":{"line":17,"column":23},"end":{"line":17,"column":null}},"2":{"start":{"line":18,"column":6},"end":{"line":18,"column":null}},"3":{"start":{"line":31,"column":2},"end":{"line":39,"column":null}},"4":{"start":{"line":33,"column":23},"end":{"line":36,"column":null}},"5":{"start":{"line":37,"column":6},"end":{"line":37,"column":null}}},"fnMap":{"0":{"name":"useDemoCases","decl":{"start":{"line":11,"column":16},"end":{"line":11,"column":29}},"loc":{"start":{"line":11,"column":45},"end":{"line":21,"column":null}},"line":11},"1":{"name":"(anonymous_1)","decl":{"start":{"line":16,"column":13},"end":{"line":16,"column":25}},"loc":{"start":{"line":16,"column":25},"end":{"line":19,"column":null}},"line":16},"2":{"name":"useLoadDemoCase","decl":{"start":{"line":30,"column":16},"end":{"line":30,"column":34}},"loc":{"start":{"line":30,"column":34},"end":{"line":40,"column":null}},"line":30},"3":{"name":"(anonymous_3)","decl":{"start":{"line":32,"column":16},"end":{"line":32,"column":23}},"loc":{"start":{"line":32,"column":60},"end":{"line":38,"column":null}},"line":32}},"branchMap":{"0":{"loc":{"start":{"line":11,"column":29},"end":{"line":11,"column":45}},"type":"default-arg","locations":[{"start":{"line":11,"column":39},"end":{"line":11,"column":45}}],"line":11}},"s":{"0":3,"1":1,"2":1,"3":6,"4":3,"5":2},"f":{"0":3,"1":1,"2":6,"3":3},"b":{"0":[3]},"meta":{"lastBranch":1,"lastFunction":4,"lastStatement":6,"seen":{"f:11:16:11:29":0,"b:11:39:11:45":0,"s:12:2:20:Infinity":0,"f:16:13:16:25":1,"s:17:23:17:Infinity":1,"s:18:6:18:Infinity":2,"f:30:16:30:34":2,"s:31:2:39:Infinity":3,"f:32:16:32:23":3,"s:33:23:36:Infinity":4,"s:37:6:37:Infinity":5},"fnNames":{}}}
,"/Users/vasyaevdokimov/repos/personal-finance-dss/frontend/src/entities/demo/api/useDemoPreview.ts": {"path":"/Users/vasyaevdokimov/repos/personal-finance-dss/frontend/src/entities/demo/api/useDemoPreview.ts","statementMap":{"0":{"start":{"line":17,"column":2},"end":{"line":29,"column":null}},"1":{"start":{"line":23,"column":23},"end":{"line":26,"column":null}},"2":{"start":{"line":27,"column":6},"end":{"line":27,"column":null}}},"fnMap":{"0":{"name":"useDemoPreview","decl":{"start":{"line":16,"column":16},"end":{"line":16,"column":31}},"loc":{"start":{"line":16,"column":55},"end":{"line":30,"column":null}},"line":16},"1":{"name":"(anonymous_1)","decl":{"start":{"line":22,"column":13},"end":{"line":22,"column":25}},"loc":{"start":{"line":22,"column":25},"end":{"line":28,"column":null}},"line":22}},"branchMap":{},"s":{"0":0,"1":0,"2":0},"f":{"0":0,"1":0},"b":{},"meta":{"lastBranch":0,"lastFunction":2,"lastStatement":3,"seen":{"f:16:16:16:31":0,"s:17:2:29:Infinity":0,"f:22:13:22:25":1,"s:23:23:26:Infinity":1,"s:27:6:27:Infinity":2},"fnNames":{}}}
,"/Users/vasyaevdokimov/repos/personal-finance-dss/frontend/src/entities/demo/model/types.ts": {"path":"/Users/vasyaevdokimov/repos/personal-finance-dss/frontend/src/entities/demo/model/types.ts","statementMap":{},"fnMap":{},"branchMap":{},"s":{},"f":{},"b":{},"meta":{"lastBranch":0,"lastFunction":0,"lastStatement":0,"seen":{},"fnNames":{}}}
,"/Users/vasyaevdokimov/repos/personal-finance-dss/frontend/src/entities/experiments/index.ts": {"path":"/Users/vasyaevdokimov/repos/personal-finance-dss/frontend/src/entities/experiments/index.ts","statementMap":{},"fnMap":{},"branchMap":{},"s":{},"f":{},"b":{},"meta":{"lastBranch":0,"lastFunction":0,"lastStatement":0,"seen":{},"fnNames":{}}}
,"/Users/vasyaevdokimov/repos/personal-finance-dss/frontend/src/entities/experiments/api/useExperiments.ts": {"path":"/Users/vasyaevdokimov/repos/personal-finance-dss/frontend/src/entities/experiments/api/useExperiments.ts","statementMap":{"0":{"start":{"line":16,"column":2},"end":{"line":26,"column":null}},"1":{"start":{"line":21,"column":23},"end":{"line":23,"column":null}},"2":{"start":{"line":24,"column":6},"end":{"line":24,"column":null}},"3":{"start":{"line":38,"column":2},"end":{"line":51,"column":null}},"4":{"start":{"line":39,"column":32},"end":{"line":50,"column":6}},"5":{"start":{"line":44,"column":25},"end":{"line":47,"column":null}},"6":{"start":{"line":48,"column":8},"end":{"line":48,"column":null}}},"fnMap":{"0":{"name":"useExperiments","decl":{"start":{"line":15,"column":16},"end":{"line":15,"column":31}},"loc":{"start":{"line":15,"column":47},"end":{"line":27,"column":null}},"line":15},"1":{"name":"(anonymous_1)","decl":{"start":{"line":20,"column":13},"end":{"line":20,"column":25}},"loc":{"start":{"line":20,"column":25},"end":{"line":25,"column":null}},"line":20},"2":{"name":"useExperimentResults","decl":{"start":{"line":37,"column":16},"end":{"line":37,"column":37}},"loc":{"start":{"line":37,"column":78},"end":{"line":52,"column":null}},"line":37},"3":{"name":"(anonymous_3)","decl":{"start":{"line":39,"column":18},"end":{"line":39,"column":23}},"loc":{"start":{"line":39,"column":32},"end":{"line":50,"column":6}},"line":39},"4":{"name":"(anonymous_4)","decl":{"start":{"line":43,"column":15},"end":{"line":43,"column":27}},"loc":{"start":{"line":43,"column":27},"end":{"line":49,"column":null}},"line":43}},"branchMap":{"0":{"loc":{"start":{"line":15,"column":31},"end":{"line":15,"column":47}},"type":"default-arg","locations":[{"start":{"line":15,"column":41},"end":{"line":15,"column":47}}],"line":15},"1":{"loc":{"start":{"line":37,"column":62},"end":{"line":37,"column":78}},"type":"default-arg","locations":[{"start":{"line":37,"column":72},"end":{"line":37,"column":78}}],"line":37}},"s":{"0":3,"1":1,"2":1,"3":4,"4":8,"5":3,"6":3},"f":{"0":3,"1":1,"2":4,"3":8,"4":3},"b":{"0":[3],"1":[4]},"meta":{"lastBranch":2,"lastFunction":5,"lastStatement":7,"seen":{"f:15:16:15:31":0,"b:15:41:15:47":0,"s:16:2:26:Infinity":0,"f:20:13:20:25":1,"s:21:23:23:Infinity":1,"s:24:6:24:Infinity":2,"f:37:16:37:37":2,"b:37:72:37:78":1,"s:38:2:51:Infinity":3,"f:39:18:39:23":3,"s:39:32:50:6":4,"f:43:15:43:27":4,"s:44:25:47:Infinity":5,"s:48:8:48:Infinity":6},"fnNames":{}}}
,"/Users/vasyaevdokimov/repos/personal-finance-dss/frontend/src/entities/experiments/model/types.ts": {"path":"/Users/vasyaevdokimov/repos/personal-finance-dss/frontend/src/entities/experiments/model/types.ts","statementMap":{},"fnMap":{},"branchMap":{},"s":{},"f":{},"b":{},"meta":{"lastBranch":0,"lastFunction":0,"lastStatement":0,"seen":{},"fnNames":{}}}
,"/Users/vasyaevdokimov/repos/personal-finance-dss/frontend/src/entities/goals/index.ts": {"path":"/Users/vasyaevdokimov/repos/personal-finance-dss/frontend/src/entities/goals/index.ts","statementMap":{},"fnMap":{},"branchMap":{},"s":{},"f":{},"b":{},"meta":{"lastBranch":0,"lastFunction":0,"lastStatement":0,"seen":{},"fnNames":{}}}
,"/Users/vasyaevdokimov/repos/personal-finance-dss/frontend/src/entities/goals/api/useGoals.ts": {"path":"/Users/vasyaevdokimov/repos/personal-finance-dss/frontend/src/entities/goals/api/useGoals.ts","statementMap":{"0":{"start":{"line":12,"column":24},"end":{"line":12,"column":null}},"1":{"start":{"line":17,"column":2},"end":{"line":23,"column":null}},"2":{"start":{"line":20,"column":23},"end":{"line":20,"column":null}},"3":{"start":{"line":21,"column":6},"end":{"line":21,"column":null}},"4":{"start":{"line":28,"column":22},"end":{"line":28,"column":37}},"5":{"start":{"line":29,"column":2},"end":{"line":29,"column":null}},"6":{"start":{"line":29,"column":15},"end":{"line":29,"column":null}},"7":{"start":{"line":33,"column":21},"end":{"line":33,"column":null}},"8":{"start":{"line":34,"column":2},"end":{"line":40,"column":null}},"9":{"start":{"line":36,"column":23},"end":{"line":36,"column":null}},"10":{"start":{"line":37,"column":6},"end":{"line":37,"column":null}},"11":{"start":{"line":44,"column":21},"end":{"line":44,"column":null}},"12":{"start":{"line":45,"column":2},"end":{"line":55,"column":null}},"13":{"start":{"line":47,"column":23},"end":{"line":51,"column":null}},"14":{"start":{"line":52,"column":6},"end":{"line":52,"column":null}},"15":{"start":{"line":61,"column":21},"end":{"line":61,"column":null}},"16":{"start":{"line":62,"column":2},"end":{"line":72,"column":null}},"17":{"start":{"line":64,"column":23},"end":{"line":68,"column":null}},"18":{"start":{"line":69,"column":6},"end":{"line":69,"column":null}},"19":{"start":{"line":76,"column":21},"end":{"line":76,"column":null}},"20":{"start":{"line":77,"column":2},"end":{"line":83,"column":null}},"21":{"start":{"line":79,"column":6},"end":{"line":79,"column":null}},"22":{"start":{"line":80,"column":6},"end":{"line":80,"column":null}},"23":{"start":{"line":87,"column":21},"end":{"line":87,"column":null}},"24":{"start":{"line":88,"column":2},"end":{"line":97,"column":null}},"25":{"start":{"line":90,"column":23},"end":{"line":93,"column":null}},"26":{"start":{"line":94,"column":6},"end":{"line":94,"column":null}}},"fnMap":{"0":{"name":"useGoals","decl":{"start":{"line":16,"column":16},"end":{"line":16,"column":27}},"loc":{"start":{"line":16,"column":27},"end":{"line":24,"column":null}},"line":16},"1":{"name":"(anonymous_1)","decl":{"start":{"line":19,"column":13},"end":{"line":19,"column":25}},"loc":{"start":{"line":19,"column":25},"end":{"line":22,"column":null}},"line":19},"2":{"name":"useInvalidateGoals","decl":{"start":{"line":27,"column":9},"end":{"line":27,"column":30}},"loc":{"start":{"line":27,"column":30},"end":{"line":30,"column":null}},"line":27},"3":{"name":"(anonymous_3)","decl":{"start":{"line":29,"column":2},"end":{"line":29,"column":15}},"loc":{"start":{"line":29,"column":15},"end":{"line":29,"column":null}},"line":29},"4":{"name":"useCreateGoal","decl":{"start":{"line":32,"column":16},"end":{"line":32,"column":32}},"loc":{"start":{"line":32,"column":32},"end":{"line":41,"column":null}},"line":32},"5":{"name":"(anonymous_5)","decl":{"start":{"line":35,"column":16},"end":{"line":35,"column":23}},"loc":{"start":{"line":35,"column":44},"end":{"line":38,"column":null}},"line":35},"6":{"name":"useUpdateGoal","decl":{"start":{"line":43,"column":16},"end":{"line":43,"column":32}},"loc":{"start":{"line":43,"column":32},"end":{"line":56,"column":null}},"line":43},"7":{"name":"(anonymous_7)","decl":{"start":{"line":46,"column":16},"end":{"line":46,"column":23}},"loc":{"start":{"line":46,"column":74},"end":{"line":53,"column":null}},"line":46},"8":{"name":"useAddGoalContribution","decl":{"start":{"line":60,"column":16},"end":{"line":60,"column":41}},"loc":{"start":{"line":60,"column":41},"end":{"line":73,"column":null}},"line":60},"9":{"name":"(anonymous_9)","decl":{"start":{"line":63,"column":16},"end":{"line":63,"column":23}},"loc":{"start":{"line":63,"column":86},"end":{"line":70,"column":null}},"line":63},"10":{"name":"useDeleteGoal","decl":{"start":{"line":75,"column":16},"end":{"line":75,"column":32}},"loc":{"start":{"line":75,"column":32},"end":{"line":84,"column":null}},"line":75},"11":{"name":"(anonymous_11)","decl":{"start":{"line":78,"column":16},"end":{"line":78,"column":23}},"loc":{"start":{"line":78,"column":38},"end":{"line":81,"column":null}},"line":78},"12":{"name":"useRestoreGoal","decl":{"start":{"line":86,"column":16},"end":{"line":86,"column":33}},"loc":{"start":{"line":86,"column":33},"end":{"line":98,"column":null}},"line":86},"13":{"name":"(anonymous_13)","decl":{"start":{"line":89,"column":16},"end":{"line":89,"column":23}},"loc":{"start":{"line":89,"column":38},"end":{"line":95,"column":null}},"line":89}},"branchMap":{},"s":{"0":5,"1":4,"2":2,"3":1,"4":14,"5":14,"6":5,"7":4,"8":4,"9":2,"10":1,"11":2,"12":2,"13":1,"14":1,"15":4,"16":4,"17":2,"18":1,"19":2,"20":2,"21":1,"22":1,"23":2,"24":2,"25":1,"26":1},"f":{"0":4,"1":2,"2":14,"3":5,"4":4,"5":2,"6":2,"7":1,"8":4,"9":2,"10":2,"11":1,"12":2,"13":1},"b":{},"meta":{"lastBranch":0,"lastFunction":14,"lastStatement":27,"seen":{"s:12:24:12:Infinity":0,"f:16:16:16:27":0,"s:17:2:23:Infinity":1,"f:19:13:19:25":1,"s:20:23:20:Infinity":2,"s:21:6:21:Infinity":3,"f:27:9:27:30":2,"s:28:22:28:37":4,"s:29:2:29:Infinity":5,"f:29:2:29:15":3,"s:29:15:29:Infinity":6,"f:32:16:32:32":4,"s:33:21:33:Infinity":7,"s:34:2:40:Infinity":8,"f:35:16:35:23":5,"s:36:23:36:Infinity":9,"s:37:6:37:Infinity":10,"f:43:16:43:32":6,"s:44:21:44:Infinity":11,"s:45:2:55:Infinity":12,"f:46:16:46:23":7,"s:47:23:51:Infinity":13,"s:52:6:52:Infinity":14,"f:60:16:60:41":8,"s:61:21:61:Infinity":15,"s:62:2:72:Infinity":16,"f:63:16:63:23":9,"s:64:23:68:Infinity":17,"s:69:6:69:Infinity":18,"f:75:16:75:32":10,"s:76:21:76:Infinity":19,"s:77:2:83:Infinity":20,"f:78:16:78:23":11,"s:79:6:79:Infinity":21,"s:80:6:80:Infinity":22,"f:86:16:86:33":12,"s:87:21:87:Infinity":23,"s:88:2:97:Infinity":24,"f:89:16:89:23":13,"s:90:23:93:Infinity":25,"s:94:6:94:Infinity":26},"fnNames":{}}}
,"/Users/vasyaevdokimov/repos/personal-finance-dss/frontend/src/entities/goals/model/categoryLabels.ts": {"path":"/Users/vasyaevdokimov/repos/personal-finance-dss/frontend/src/entities/goals/model/categoryLabels.ts","statementMap":{"0":{"start":{"line":5,"column":79},"end":{"line":10,"column":null}},"1":{"start":{"line":12,"column":59},"end":{"line":14,"column":null}},"2":{"start":{"line":13,"column":37},"end":{"line":13,"column":59}}},"fnMap":{"0":{"name":"(anonymous_0)","decl":{"start":{"line":13,"column":24},"end":{"line":13,"column":29}},"loc":{"start":{"line":13,"column":37},"end":{"line":13,"column":59}},"line":13}},"branchMap":{},"s":{"0":4,"1":4,"2":16},"f":{"0":16},"b":{},"meta":{"lastBranch":0,"lastFunction":1,"lastStatement":3,"seen":{"s:5:79:10:Infinity":0,"s:12:59:14:Infinity":1,"f:13:24:13:29":0,"s:13:37:13:59":2},"fnNames":{}}}
,"/Users/vasyaevdokimov/repos/personal-finance-dss/frontend/src/entities/goals/model/types.ts": {"path":"/Users/vasyaevdokimov/repos/personal-finance-dss/frontend/src/entities/goals/model/types.ts","statementMap":{},"fnMap":{},"branchMap":{},"s":{},"f":{},"b":{},"meta":{"lastBranch":0,"lastFunction":0,"lastStatement":0,"seen":{},"fnNames":{}}}
,"/Users/vasyaevdokimov/repos/personal-finance-dss/frontend/src/entities/households/index.ts": {"path":"/Users/vasyaevdokimov/repos/personal-finance-dss/frontend/src/entities/households/index.ts","statementMap":{},"fnMap":{},"branchMap":{},"s":{},"f":{},"b":{},"meta":{"lastBranch":0,"lastFunction":0,"lastStatement":0,"seen":{},"fnNames":{}}}
,"/Users/vasyaevdokimov/repos/personal-finance-dss/frontend/src/entities/households/api/useHouseholds.ts": {"path":"/Users/vasyaevdokimov/repos/personal-finance-dss/frontend/src/entities/households/api/useHouseholds.ts","statementMap":{"0":{"start":{"line":21,"column":23},"end":{"line":21,"column":null}},"1":{"start":{"line":22,"column":6},"end":{"line":22,"column":null}},"2":{"start":{"line":22,"column":35},"end":{"line":22,"column":null}},"3":{"start":{"line":23,"column":6},"end":{"line":23,"column":null}},"4":{"start":{"line":23,"column":35},"end":{"line":23,"column":null}},"5":{"start":{"line":27,"column":2},"end":{"line":33,"column":null}},"6":{"start":{"line":30,"column":23},"end":{"line":30,"column":null}},"7":{"start":{"line":31,"column":6},"end":{"line":31,"column":null}},"8":{"start":{"line":38,"column":2},"end":{"line":48,"column":null}},"9":{"start":{"line":42,"column":23},"end":{"line":45,"column":null}},"10":{"start":{"line":46,"column":6},"end":{"line":46,"column":null}},"11":{"start":{"line":58,"column":2},"end":{"line":68,"column":null}},"12":{"start":{"line":62,"column":23},"end":{"line":65,"column":null}},"13":{"start":{"line":66,"column":6},"end":{"line":66,"column":null}},"14":{"start":{"line":72,"column":22},"end":{"line":72,"column":37}},"15":{"start":{"line":73,"column":2},"end":{"line":73,"column":null}},"16":{"start":{"line":73,"column":15},"end":{"line":73,"column":null}},"17":{"start":{"line":77,"column":21},"end":{"line":77,"column":null}},"18":{"start":{"line":78,"column":2},"end":{"line":87,"column":null}},"19":{"start":{"line":80,"column":23},"end":{"line":83,"column":null}},"20":{"start":{"line":84,"column":6},"end":{"line":84,"column":null}},"21":{"start":{"line":99,"column":21},"end":{"line":99,"column":null}},"22":{"start":{"line":100,"column":2},"end":{"line":110,"column":null}},"23":{"start":{"line":102,"column":23},"end":{"line":106,"column":null}},"24":{"start":{"line":107,"column":6},"end":{"line":107,"column":null}},"25":{"start":{"line":114,"column":21},"end":{"line":114,"column":null}},"26":{"start":{"line":115,"column":2},"end":{"line":124,"column":null}},"27":{"start":{"line":117,"column":23},"end":{"line":120,"column":null}},"28":{"start":{"line":121,"column":6},"end":{"line":121,"column":null}},"29":{"start":{"line":128,"column":21},"end":{"line":128,"column":null}},"30":{"start":{"line":129,"column":2},"end":{"line":138,"column":null}},"31":{"start":{"line":131,"column":23},"end":{"line":134,"column":null}},"32":{"start":{"line":135,"column":6},"end":{"line":135,"column":null}},"33":{"start":{"line":142,"column":21},"end":{"line":142,"column":null}},"34":{"start":{"line":143,"column":2},"end":{"line":152,"column":null}},"35":{"start":{"line":145,"column":23},"end":{"line":148,"column":null}},"36":{"start":{"line":149,"column":6},"end":{"line":149,"column":null}},"37":{"start":{"line":156,"column":21},"end":{"line":156,"column":null}},"38":{"start":{"line":157,"column":2},"end":{"line":166,"column":null}},"39":{"start":{"line":159,"column":23},"end":{"line":162,"column":null}},"40":{"start":{"line":163,"column":6},"end":{"line":163,"column":null}},"41":{"start":{"line":171,"column":21},"end":{"line":171,"column":null}},"42":{"start":{"line":172,"column":2},"end":{"line":181,"column":null}},"43":{"start":{"line":174,"column":23},"end":{"line":177,"column":null}},"44":{"start":{"line":178,"column":6},"end":{"line":178,"column":null}}},"fnMap":{"0":{"name":"(anonymous_0)","decl":{"start":{"line":22,"column":6},"end":{"line":22,"column":20}},"loc":{"start":{"line":22,"column":35},"end":{"line":22,"column":null}},"line":22},"1":{"name":"(anonymous_1)","decl":{"start":{"line":23,"column":6},"end":{"line":23,"column":20}},"loc":{"start":{"line":23,"column":35},"end":{"line":23,"column":null}},"line":23},"2":{"name":"useHouseholds","decl":{"start":{"line":26,"column":16},"end":{"line":26,"column":32}},"loc":{"start":{"line":26,"column":32},"end":{"line":34,"column":null}},"line":26},"3":{"name":"(anonymous_3)","decl":{"start":{"line":29,"column":13},"end":{"line":29,"column":25}},"loc":{"start":{"line":29,"column":25},"end":{"line":32,"column":null}},"line":29},"4":{"name":"useHouseholdMembers","decl":{"start":{"line":37,"column":16},"end":{"line":37,"column":36}},"loc":{"start":{"line":37,"column":64},"end":{"line":49,"column":null}},"line":37},"5":{"name":"(anonymous_5)","decl":{"start":{"line":41,"column":13},"end":{"line":41,"column":25}},"loc":{"start":{"line":41,"column":25},"end":{"line":47,"column":null}},"line":41},"6":{"name":"useHouseholdInvites","decl":{"start":{"line":57,"column":16},"end":{"line":57,"column":36}},"loc":{"start":{"line":57,"column":82},"end":{"line":69,"column":null}},"line":57},"7":{"name":"(anonymous_7)","decl":{"start":{"line":61,"column":13},"end":{"line":61,"column":25}},"loc":{"start":{"line":61,"column":25},"end":{"line":67,"column":null}},"line":61},"8":{"name":"useInvalidateAll","decl":{"start":{"line":71,"column":9},"end":{"line":71,"column":28}},"loc":{"start":{"line":71,"column":28},"end":{"line":74,"column":null}},"line":71},"9":{"name":"(anonymous_9)","decl":{"start":{"line":73,"column":2},"end":{"line":73,"column":15}},"loc":{"start":{"line":73,"column":15},"end":{"line":73,"column":null}},"line":73},"10":{"name":"useCreateHousehold","decl":{"start":{"line":76,"column":16},"end":{"line":76,"column":37}},"loc":{"start":{"line":76,"column":37},"end":{"line":88,"column":null}},"line":76},"11":{"name":"(anonymous_11)","decl":{"start":{"line":79,"column":16},"end":{"line":79,"column":23}},"loc":{"start":{"line":79,"column":40},"end":{"line":85,"column":null}},"line":79},"12":{"name":"useCreateInvite","decl":{"start":{"line":98,"column":16},"end":{"line":98,"column":34}},"loc":{"start":{"line":98,"column":34},"end":{"line":111,"column":null}},"line":98},"13":{"name":"(anonymous_13)","decl":{"start":{"line":101,"column":16},"end":{"line":101,"column":23}},"loc":{"start":{"line":101,"column":94},"end":{"line":108,"column":null}},"line":101},"14":{"name":"useRevokeInvite","decl":{"start":{"line":113,"column":16},"end":{"line":113,"column":34}},"loc":{"start":{"line":113,"column":34},"end":{"line":125,"column":null}},"line":113},"15":{"name":"(anonymous_15)","decl":{"start":{"line":116,"column":16},"end":{"line":116,"column":23}},"loc":{"start":{"line":116,"column":75},"end":{"line":122,"column":null}},"line":116},"16":{"name":"useRemoveMember","decl":{"start":{"line":127,"column":16},"end":{"line":127,"column":34}},"loc":{"start":{"line":127,"column":34},"end":{"line":139,"column":null}},"line":127},"17":{"name":"(anonymous_17)","decl":{"start":{"line":130,"column":16},"end":{"line":130,"column":23}},"loc":{"start":{"line":130,"column":73},"end":{"line":136,"column":null}},"line":130},"18":{"name":"useLeaveHousehold","decl":{"start":{"line":141,"column":16},"end":{"line":141,"column":36}},"loc":{"start":{"line":141,"column":36},"end":{"line":153,"column":null}},"line":141},"19":{"name":"(anonymous_19)","decl":{"start":{"line":144,"column":16},"end":{"line":144,"column":23}},"loc":{"start":{"line":144,"column":47},"end":{"line":150,"column":null}},"line":144},"20":{"name":"useDisbandHousehold","decl":{"start":{"line":155,"column":16},"end":{"line":155,"column":38}},"loc":{"start":{"line":155,"column":38},"end":{"line":167,"column":null}},"line":155},"21":{"name":"(anonymous_21)","decl":{"start":{"line":158,"column":16},"end":{"line":158,"column":23}},"loc":{"start":{"line":158,"column":47},"end":{"line":164,"column":null}},"line":158},"22":{"name":"useAcceptInvite","decl":{"start":{"line":170,"column":16},"end":{"line":170,"column":34}},"loc":{"start":{"line":170,"column":34},"end":{"line":182,"column":null}},"line":170},"23":{"name":"(anonymous_23)","decl":{"start":{"line":173,"column":16},"end":{"line":173,"column":23}},"loc":{"start":{"line":173,"column":41},"end":{"line":179,"column":null}},"line":173}},"branchMap":{"0":{"loc":{"start":{"line":31,"column":14},"end":{"line":31,"column":null}},"type":"binary-expr","locations":[{"start":{"line":31,"column":14},"end":{"line":31,"column":22}},{"start":{"line":31,"column":22},"end":{"line":31,"column":null}}],"line":31},"1":{"loc":{"start":{"line":39,"column":14},"end":{"line":39,"column":null}},"type":"cond-expr","locations":[{"start":{"line":39,"column":37},"end":{"line":39,"column":73}},{"start":{"line":39,"column":73},"end":{"line":39,"column":null}}],"line":39},"2":{"loc":{"start":{"line":46,"column":14},"end":{"line":46,"column":null}},"type":"binary-expr","locations":[{"start":{"line":46,"column":14},"end":{"line":46,"column":22}},{"start":{"line":46,"column":22},"end":{"line":46,"column":null}}],"line":46},"3":{"loc":{"start":{"line":59,"column":14},"end":{"line":59,"column":null}},"type":"cond-expr","locations":[{"start":{"line":59,"column":37},"end":{"line":59,"column":73}},{"start":{"line":59,"column":73},"end":{"line":59,"column":null}}],"line":59},"4":{"loc":{"start":{"line":60,"column":13},"end":{"line":60,"column":null}},"type":"binary-expr","locations":[{"start":{"line":60,"column":13},"end":{"line":60,"column":37}},{"start":{"line":60,"column":37},"end":{"line":60,"column":null}}],"line":60},"5":{"loc":{"start":{"line":66,"column":14},"end":{"line":66,"column":null}},"type":"binary-expr","locations":[{"start":{"line":66,"column":14},"end":{"line":66,"column":22}},{"start":{"line":66,"column":22},"end":{"line":66,"column":null}}],"line":66},"6":{"loc":{"start":{"line":104,"column":23},"end":{"line":104,"column":43}},"type":"binary-expr","locations":[{"start":{"line":104,"column":23},"end":{"line":104,"column":37}},{"start":{"line":104,"column":37},"end":{"line":104,"column":43}}],"line":104}},"s":{"0":4,"1":4,"2":0,"3":4,"4":3,"5":2,"6":1,"7":1,"8":1,"9":0,"10":0,"11":3,"12":1,"13":1,"14":16,"15":16,"16":8,"17":2,"18":2,"19":1,"20":1,"21":4,"22":4,"23":2,"24":2,"25":2,"26":2,"27":1,"28":1,"29":2,"30":2,"31":1,"32":1,"33":2,"34":2,"35":1,"36":1,"37":2,"38":2,"39":1,"40":1,"41":2,"42":2,"43":1,"44":1},"f":{"0":0,"1":3,"2":2,"3":1,"4":1,"5":0,"6":3,"7":1,"8":16,"9":8,"10":2,"11":1,"12":4,"13":2,"14":2,"15":1,"16":2,"17":1,"18":2,"19":1,"20":2,"21":1,"22":2,"23":1},"b":{"0":[1,1],"1":[1,0],"2":[0,0],"3":[0,3],"4":[3,3],"5":[1,0],"6":[2,1]},"meta":{"lastBranch":7,"lastFunction":24,"lastStatement":45,"seen":{"s:21:23:21:Infinity":0,"s:22:6:22:Infinity":1,"f:22:6:22:20":0,"s:22:35:22:Infinity":2,"s:23:6:23:Infinity":3,"f:23:6:23:20":1,"s:23:35:23:Infinity":4,"f:26:16:26:32":2,"s:27:2:33:Infinity":5,"f:29:13:29:25":3,"s:30:23:30:Infinity":6,"s:31:6:31:Infinity":7,"b:31:14:31:22:31:22:31:Infinity":0,"f:37:16:37:36":4,"s:38:2:48:Infinity":8,"b:39:37:39:73:39:73:39:Infinity":1,"f:41:13:41:25":5,"s:42:23:45:Infinity":9,"s:46:6:46:Infinity":10,"b:46:14:46:22:46:22:46:Infinity":2,"f:57:16:57:36":6,"s:58:2:68:Infinity":11,"b:59:37:59:73:59:73:59:Infinity":3,"b:60:13:60:37:60:37:60:Infinity":4,"f:61:13:61:25":7,"s:62:23:65:Infinity":12,"s:66:6:66:Infinity":13,"b:66:14:66:22:66:22:66:Infinity":5,"f:71:9:71:28":8,"s:72:22:72:37":14,"s:73:2:73:Infinity":15,"f:73:2:73:15":9,"s:73:15:73:Infinity":16,"f:76:16:76:37":10,"s:77:21:77:Infinity":17,"s:78:2:87:Infinity":18,"f:79:16:79:23":11,"s:80:23:83:Infinity":19,"s:84:6:84:Infinity":20,"f:98:16:98:34":12,"s:99:21:99:Infinity":21,"s:100:2:110:Infinity":22,"f:101:16:101:23":13,"s:102:23:106:Infinity":23,"b:104:23:104:37:104:37:104:43":6,"s:107:6:107:Infinity":24,"f:113:16:113:34":14,"s:114:21:114:Infinity":25,"s:115:2:124:Infinity":26,"f:116:16:116:23":15,"s:117:23:120:Infinity":27,"s:121:6:121:Infinity":28,"f:127:16:127:34":16,"s:128:21:128:Infinity":29,"s:129:2:138:Infinity":30,"f:130:16:130:23":17,"s:131:23:134:Infinity":31,"s:135:6:135:Infinity":32,"f:141:16:141:36":18,"s:142:21:142:Infinity":33,"s:143:2:152:Infinity":34,"f:144:16:144:23":19,"s:145:23:148:Infinity":35,"s:149:6:149:Infinity":36,"f:155:16:155:38":20,"s:156:21:156:Infinity":37,"s:157:2:166:Infinity":38,"f:158:16:158:23":21,"s:159:23:162:Infinity":39,"s:163:6:163:Infinity":40,"f:170:16:170:34":22,"s:171:21:171:Infinity":41,"s:172:2:181:Infinity":42,"f:173:16:173:23":23,"s:174:23:177:Infinity":43,"s:178:6:178:Infinity":44},"fnNames":{}}}
,"/Users/vasyaevdokimov/repos/personal-finance-dss/frontend/src/entities/households/model/types.ts": {"path":"/Users/vasyaevdokimov/repos/personal-finance-dss/frontend/src/entities/households/model/types.ts","statementMap":{},"fnMap":{},"branchMap":{},"s":{},"f":{},"b":{},"meta":{"lastBranch":0,"lastFunction":0,"lastStatement":0,"seen":{},"fnNames":{}}}
,"/Users/vasyaevdokimov/repos/personal-finance-dss/frontend/src/entities/insights/index.ts": {"path":"/Users/vasyaevdokimov/repos/personal-finance-dss/frontend/src/entities/insights/index.ts","statementMap":{},"fnMap":{},"branchMap":{},"s":{},"f":{},"b":{},"meta":{"lastBranch":0,"lastFunction":0,"lastStatement":0,"seen":{},"fnNames":{}}}
,"/Users/vasyaevdokimov/repos/personal-finance-dss/frontend/src/entities/insights/api/useInsights.ts": {"path":"/Users/vasyaevdokimov/repos/personal-finance-dss/frontend/src/entities/insights/api/useInsights.ts","statementMap":{"0":{"start":{"line":17,"column":2},"end":{"line":29,"column":null}},"1":{"start":{"line":23,"column":23},"end":{"line":26,"column":null}},"2":{"start":{"line":27,"column":6},"end":{"line":27,"column":null}},"3":{"start":{"line":33,"column":2},"end":{"line":41,"column":null}},"4":{"start":{"line":38,"column":23},"end":{"line":38,"column":null}},"5":{"start":{"line":39,"column":6},"end":{"line":39,"column":null}}},"fnMap":{"0":{"name":"useAnalyticsOverview","decl":{"start":{"line":16,"column":16},"end":{"line":16,"column":37}},"loc":{"start":{"line":16,"column":64},"end":{"line":30,"column":null}},"line":16},"1":{"name":"(anonymous_1)","decl":{"start":{"line":22,"column":13},"end":{"line":22,"column":25}},"loc":{"start":{"line":22,"column":25},"end":{"line":28,"column":null}},"line":22},"2":{"name":"useFunnel","decl":{"start":{"line":32,"column":16},"end":{"line":32,"column":26}},"loc":{"start":{"line":32,"column":42},"end":{"line":42,"column":null}},"line":32},"3":{"name":"(anonymous_3)","decl":{"start":{"line":37,"column":13},"end":{"line":37,"column":25}},"loc":{"start":{"line":37,"column":25},"end":{"line":40,"column":null}},"line":37}},"branchMap":{"0":{"loc":{"start":{"line":16,"column":37},"end":{"line":16,"column":53}},"type":"default-arg","locations":[{"start":{"line":16,"column":47},"end":{"line":16,"column":53}}],"line":16},"1":{"loc":{"start":{"line":16,"column":53},"end":{"line":16,"column":64}},"type":"default-arg","locations":[{"start":{"line":16,"column":60},"end":{"line":16,"column":64}}],"line":16},"2":{"loc":{"start":{"line":32,"column":26},"end":{"line":32,"column":42}},"type":"default-arg","locations":[{"start":{"line":32,"column":36},"end":{"line":32,"column":42}}],"line":32}},"s":{"0":3,"1":1,"2":1,"3":3,"4":1,"5":1},"f":{"0":3,"1":1,"2":3,"3":1},"b":{"0":[3],"1":[3],"2":[3]},"meta":{"lastBranch":3,"lastFunction":4,"lastStatement":6,"seen":{"f:16:16:16:37":0,"b:16:47:16:53":0,"b:16:60:16:64":1,"s:17:2:29:Infinity":0,"f:22:13:22:25":1,"s:23:23:26:Infinity":1,"s:27:6:27:Infinity":2,"f:32:16:32:26":2,"b:32:36:32:42":2,"s:33:2:41:Infinity":3,"f:37:13:37:25":3,"s:38:23:38:Infinity":4,"s:39:6:39:Infinity":5},"fnNames":{}}}
,"/Users/vasyaevdokimov/repos/personal-finance-dss/frontend/src/entities/insights/model/types.ts": {"path":"/Users/vasyaevdokimov/repos/personal-finance-dss/frontend/src/entities/insights/model/types.ts","statementMap":{},"fnMap":{},"branchMap":{},"s":{},"f":{},"b":{},"meta":{"lastBranch":0,"lastFunction":0,"lastStatement":0,"seen":{},"fnNames":{}}}
,"/Users/vasyaevdokimov/repos/personal-finance-dss/frontend/src/entities/legal/index.ts": {"path":"/Users/vasyaevdokimov/repos/personal-finance-dss/frontend/src/entities/legal/index.ts","statementMap":{},"fnMap":{},"branchMap":{},"s":{},"f":{},"b":{},"meta":{"lastBranch":0,"lastFunction":0,"lastStatement":0,"seen":{},"fnNames":{}}}
,"/Users/vasyaevdokimov/repos/personal-finance-dss/frontend/src/entities/legal/api/useLegalDocument.ts": {"path":"/Users/vasyaevdokimov/repos/personal-finance-dss/frontend/src/entities/legal/api/useLegalDocument.ts","statementMap":{"0":{"start":{"line":16,"column":2},"end":{"line":29,"column":null}},"1":{"start":{"line":23,"column":23},"end":{"line":26,"column":null}},"2":{"start":{"line":27,"column":6},"end":{"line":27,"column":null}}},"fnMap":{"0":{"name":"useLegalDocument","decl":{"start":{"line":15,"column":16},"end":{"line":15,"column":33}},"loc":{"start":{"line":15,"column":54},"end":{"line":30,"column":null}},"line":15},"1":{"name":"(anonymous_1)","decl":{"start":{"line":22,"column":13},"end":{"line":22,"column":25}},"loc":{"start":{"line":22,"column":25},"end":{"line":28,"column":null}},"line":22}},"branchMap":{},"s":{"0":0,"1":0,"2":0},"f":{"0":0,"1":0},"b":{},"meta":{"lastBranch":0,"lastFunction":2,"lastStatement":3,"seen":{"f:15:16:15:33":0,"s:16:2:29:Infinity":0,"f:22:13:22:25":1,"s:23:23:26:Infinity":1,"s:27:6:27:Infinity":2},"fnNames":{}}}
,"/Users/vasyaevdokimov/repos/personal-finance-dss/frontend/src/entities/legal/api/useLegalDocuments.ts": {"path":"/Users/vasyaevdokimov/repos/personal-finance-dss/frontend/src/entities/legal/api/useLegalDocuments.ts","statementMap":{"0":{"start":{"line":13,"column":2},"end":{"line":20,"column":null}},"1":{"start":{"line":17,"column":23},"end":{"line":17,"column":null}},"2":{"start":{"line":18,"column":6},"end":{"line":18,"column":null}}},"fnMap":{"0":{"name":"useLegalDocuments","decl":{"start":{"line":12,"column":16},"end":{"line":12,"column":36}},"loc":{"start":{"line":12,"column":36},"end":{"line":21,"column":null}},"line":12},"1":{"name":"(anonymous_1)","decl":{"start":{"line":16,"column":13},"end":{"line":16,"column":25}},"loc":{"start":{"line":16,"column":25},"end":{"line":19,"column":null}},"line":16}},"branchMap":{},"s":{"0":0,"1":0,"2":0},"f":{"0":0,"1":0},"b":{},"meta":{"lastBranch":0,"lastFunction":2,"lastStatement":3,"seen":{"f:12:16:12:36":0,"s:13:2:20:Infinity":0,"f:16:13:16:25":1,"s:17:23:17:Infinity":1,"s:18:6:18:Infinity":2},"fnNames":{}}}
,"/Users/vasyaevdokimov/repos/personal-finance-dss/frontend/src/entities/legal/lib/legalLink.ts": {"path":"/Users/vasyaevdokimov/repos/personal-finance-dss/frontend/src/entities/legal/lib/legalLink.ts","statementMap":{"0":{"start":{"line":13,"column":15},"end":{"line":13,"column":null}},"1":{"start":{"line":16,"column":2},"end":{"line":22,"column":null}}},"fnMap":{"0":{"name":"legalLink","decl":{"start":{"line":15,"column":16},"end":{"line":15,"column":26}},"loc":{"start":{"line":15,"column":87},"end":{"line":23,"column":null}},"line":15}},"branchMap":{"0":{"loc":{"start":{"line":21,"column":19},"end":{"line":21,"column":75}},"type":"cond-expr","locations":[{"start":{"line":21,"column":44},"end":{"line":21,"column":71}},{"start":{"line":21,"column":71},"end":{"line":21,"column":75}}],"line":21}},"s":{"0":3,"1":48},"f":{"0":48},"b":{"0":[48,0]},"meta":{"lastBranch":1,"lastFunction":1,"lastStatement":2,"seen":{"s:13:15:13:Infinity":0,"f:15:16:15:26":0,"s:16:2:22:Infinity":1,"b:21:44:21:71:21:71:21:75":0},"fnNames":{}}}
,"/Users/vasyaevdokimov/repos/personal-finance-dss/frontend/src/entities/legal/model/types.ts": {"path":"/Users/vasyaevdokimov/repos/personal-finance-dss/frontend/src/entities/legal/model/types.ts","statementMap":{},"fnMap":{},"branchMap":{},"s":{},"f":{},"b":{},"meta":{"lastBranch":0,"lastFunction":0,"lastStatement":0,"seen":{},"fnNames":{}}}
,"/Users/vasyaevdokimov/repos/personal-finance-dss/frontend/src/entities/notifications/index.ts": {"path":"/Users/vasyaevdokimov/repos/personal-finance-dss/frontend/src/entities/notifications/index.ts","statementMap":{},"fnMap":{},"branchMap":{},"s":{},"f":{},"b":{},"meta":{"lastBranch":0,"lastFunction":0,"lastStatement":0,"seen":{},"fnNames":{}}}
,"/Users/vasyaevdokimov/repos/personal-finance-dss/frontend/src/entities/notifications/api/useNotifications.ts": {"path":"/Users/vasyaevdokimov/repos/personal-finance-dss/frontend/src/entities/notifications/api/useNotifications.ts","statementMap":{"0":{"start":{"line":10,"column":17},"end":{"line":10,"column":null}},"1":{"start":{"line":11,"column":19},"end":{"line":11,"column":null}},"2":{"start":{"line":19,"column":2},"end":{"line":34,"column":null}},"3":{"start":{"line":26,"column":22},"end":{"line":26,"column":null}},"4":{"start":{"line":27,"column":6},"end":{"line":27,"column":null}},"5":{"start":{"line":27,"column":44},"end":{"line":27,"column":null}},"6":{"start":{"line":28,"column":6},"end":{"line":28,"column":null}},"7":{"start":{"line":31,"column":23},"end":{"line":31,"column":null}},"8":{"start":{"line":32,"column":6},"end":{"line":32,"column":null}},"9":{"start":{"line":43,"column":2},"end":{"line":52,"column":null}},"10":{"start":{"line":47,"column":23},"end":{"line":49,"column":null}},"11":{"start":{"line":50,"column":6},"end":{"line":50,"column":null}},"12":{"start":{"line":56,"column":22},"end":{"line":56,"column":37}},"13":{"start":{"line":57,"column":2},"end":{"line":60,"column":null}},"14":{"start":{"line":58,"column":4},"end":{"line":58,"column":null}},"15":{"start":{"line":59,"column":4},"end":{"line":59,"column":null}},"16":{"start":{"line":66,"column":21},"end":{"line":66,"column":null}},"17":{"start":{"line":67,"column":2},"end":{"line":76,"column":null}},"18":{"start":{"line":69,"column":23},"end":{"line":72,"column":null}},"19":{"start":{"line":73,"column":6},"end":{"line":73,"column":null}},"20":{"start":{"line":81,"column":21},"end":{"line":81,"column":null}},"21":{"start":{"line":82,"column":2},"end":{"line":90,"column":null}},"22":{"start":{"line":84,"column":23},"end":{"line":86,"column":null}},"23":{"start":{"line":87,"column":6},"end":{"line":87,"column":null}}},"fnMap":{"0":{"name":"useNotificationsFeed","decl":{"start":{"line":18,"column":16},"end":{"line":18,"column":37}},"loc":{"start":{"line":18,"column":55},"end":{"line":35,"column":null}},"line":18},"1":{"name":"(anonymous_1)","decl":{"start":{"line":25,"column":4},"end":{"line":25,"column":12}},"loc":{"start":{"line":25,"column":29},"end":{"line":29,"column":null}},"line":25},"2":{"name":"(anonymous_2)","decl":{"start":{"line":30,"column":13},"end":{"line":30,"column":25}},"loc":{"start":{"line":30,"column":25},"end":{"line":33,"column":null}},"line":30},"3":{"name":"useUnreadCount","decl":{"start":{"line":42,"column":16},"end":{"line":42,"column":33}},"loc":{"start":{"line":42,"column":33},"end":{"line":53,"column":null}},"line":42},"4":{"name":"(anonymous_4)","decl":{"start":{"line":46,"column":13},"end":{"line":46,"column":25}},"loc":{"start":{"line":46,"column":25},"end":{"line":51,"column":null}},"line":46},"5":{"name":"useInvalidateNotifications","decl":{"start":{"line":55,"column":9},"end":{"line":55,"column":38}},"loc":{"start":{"line":55,"column":38},"end":{"line":61,"column":null}},"line":55},"6":{"name":"(anonymous_6)","decl":{"start":{"line":57,"column":2},"end":{"line":57,"column":15}},"loc":{"start":{"line":57,"column":15},"end":{"line":60,"column":null}},"line":57},"7":{"name":"useMarkRead","decl":{"start":{"line":65,"column":16},"end":{"line":65,"column":30}},"loc":{"start":{"line":65,"column":30},"end":{"line":77,"column":null}},"line":65},"8":{"name":"(anonymous_8)","decl":{"start":{"line":68,"column":16},"end":{"line":68,"column":23}},"loc":{"start":{"line":68,"column":50},"end":{"line":74,"column":null}},"line":68},"9":{"name":"useMarkAllRead","decl":{"start":{"line":80,"column":16},"end":{"line":80,"column":33}},"loc":{"start":{"line":80,"column":33},"end":{"line":91,"column":null}},"line":80},"10":{"name":"(anonymous_10)","decl":{"start":{"line":83,"column":16},"end":{"line":83,"column":28}},"loc":{"start":{"line":83,"column":28},"end":{"line":88,"column":null}},"line":83}},"branchMap":{"0":{"loc":{"start":{"line":27,"column":6},"end":{"line":27,"column":null}},"type":"if","locations":[{"start":{"line":27,"column":6},"end":{"line":27,"column":null}},{"start":{},"end":{}}],"line":27},"1":{"loc":{"start":{"line":27,"column":10},"end":{"line":27,"column":44}},"type":"binary-expr","locations":[{"start":{"line":27,"column":10},"end":{"line":27,"column":28}},{"start":{"line":27,"column":28},"end":{"line":27,"column":44}}],"line":27}},"s":{"0":1,"1":1,"2":7,"3":5,"4":5,"5":2,"6":3,"7":5,"8":0,"9":4,"10":2,"11":1,"12":4,"13":4,"14":2,"15":2,"16":2,"17":2,"18":1,"19":1,"20":2,"21":2,"22":1,"23":1},"f":{"0":7,"1":5,"2":5,"3":4,"4":2,"5":4,"6":2,"7":2,"8":1,"9":2,"10":1},"b":{"0":[2,3],"1":[5,4]},"meta":{"lastBranch":2,"lastFunction":11,"lastStatement":24,"seen":{"s:10:17:10:Infinity":0,"s:11:19:11:Infinity":1,"f:18:16:18:37":0,"s:19:2:34:Infinity":2,"f:25:4:25:12":1,"s:26:22:26:Infinity":3,"b:27:6:27:Infinity:undefined:undefined:undefined:undefined":0,"s:27:6:27:Infinity":4,"b:27:10:27:28:27:28:27:44":1,"s:27:44:27:Infinity":5,"s:28:6:28:Infinity":6,"f:30:13:30:25":2,"s:31:23:31:Infinity":7,"s:32:6:32:Infinity":8,"f:42:16:42:33":3,"s:43:2:52:Infinity":9,"f:46:13:46:25":4,"s:47:23:49:Infinity":10,"s:50:6:50:Infinity":11,"f:55:9:55:38":5,"s:56:22:56:37":12,"s:57:2:60:Infinity":13,"f:57:2:57:15":6,"s:58:4:58:Infinity":14,"s:59:4:59:Infinity":15,"f:65:16:65:30":7,"s:66:21:66:Infinity":16,"s:67:2:76:Infinity":17,"f:68:16:68:23":8,"s:69:23:72:Infinity":18,"s:73:6:73:Infinity":19,"f:80:16:80:33":9,"s:81:21:81:Infinity":20,"s:82:2:90:Infinity":21,"f:83:16:83:28":10,"s:84:23:86:Infinity":22,"s:87:6:87:Infinity":23},"fnNames":{}}}
,"/Users/vasyaevdokimov/repos/personal-finance-dss/frontend/src/entities/notifications/model/types.ts": {"path":"/Users/vasyaevdokimov/repos/personal-finance-dss/frontend/src/entities/notifications/model/types.ts","statementMap":{},"fnMap":{},"branchMap":{},"s":{},"f":{},"b":{},"meta":{"lastBranch":0,"lastFunction":0,"lastStatement":0,"seen":{},"fnNames":{}}}
,"/Users/vasyaevdokimov/repos/personal-finance-dss/frontend/src/entities/obligations/index.ts": {"path":"/Users/vasyaevdokimov/repos/personal-finance-dss/frontend/src/entities/obligations/index.ts","statementMap":{},"fnMap":{},"branchMap":{},"s":{},"f":{},"b":{},"meta":{"lastBranch":0,"lastFunction":0,"lastStatement":0,"seen":{},"fnNames":{}}}
,"/Users/vasyaevdokimov/repos/personal-finance-dss/frontend/src/entities/obligations/api/useObligations.ts": {"path":"/Users/vasyaevdokimov/repos/personal-finance-dss/frontend/src/entities/obligations/api/useObligations.ts","statementMap":{"0":{"start":{"line":11,"column":30},"end":{"line":11,"column":null}},"1":{"start":{"line":16,"column":2},"end":{"line":22,"column":null}},"2":{"start":{"line":19,"column":23},"end":{"line":19,"column":null}},"3":{"start":{"line":20,"column":6},"end":{"line":20,"column":null}},"4":{"start":{"line":28,"column":22},"end":{"line":28,"column":37}},"5":{"start":{"line":29,"column":2},"end":{"line":29,"column":null}},"6":{"start":{"line":29,"column":15},"end":{"line":29,"column":null}},"7":{"start":{"line":33,"column":21},"end":{"line":33,"column":null}},"8":{"start":{"line":34,"column":2},"end":{"line":43,"column":null}},"9":{"start":{"line":36,"column":23},"end":{"line":39,"column":null}},"10":{"start":{"line":40,"column":6},"end":{"line":40,"column":null}},"11":{"start":{"line":47,"column":21},"end":{"line":47,"column":null}},"12":{"start":{"line":48,"column":2},"end":{"line":58,"column":null}},"13":{"start":{"line":50,"column":23},"end":{"line":54,"column":null}},"14":{"start":{"line":55,"column":6},"end":{"line":55,"column":null}},"15":{"start":{"line":62,"column":21},"end":{"line":62,"column":null}},"16":{"start":{"line":63,"column":2},"end":{"line":72,"column":null}},"17":{"start":{"line":65,"column":6},"end":{"line":68,"column":null}},"18":{"start":{"line":69,"column":6},"end":{"line":69,"column":null}},"19":{"start":{"line":76,"column":21},"end":{"line":76,"column":null}},"20":{"start":{"line":77,"column":2},"end":{"line":86,"column":null}},"21":{"start":{"line":79,"column":23},"end":{"line":82,"column":null}},"22":{"start":{"line":83,"column":6},"end":{"line":83,"column":null}}},"fnMap":{"0":{"name":"useObligations","decl":{"start":{"line":15,"column":16},"end":{"line":15,"column":33}},"loc":{"start":{"line":15,"column":33},"end":{"line":23,"column":null}},"line":15},"1":{"name":"(anonymous_1)","decl":{"start":{"line":18,"column":13},"end":{"line":18,"column":25}},"loc":{"start":{"line":18,"column":25},"end":{"line":21,"column":null}},"line":18},"2":{"name":"useInvalidateObligations","decl":{"start":{"line":27,"column":9},"end":{"line":27,"column":36}},"loc":{"start":{"line":27,"column":36},"end":{"line":30,"column":null}},"line":27},"3":{"name":"(anonymous_3)","decl":{"start":{"line":29,"column":2},"end":{"line":29,"column":15}},"loc":{"start":{"line":29,"column":15},"end":{"line":29,"column":null}},"line":29},"4":{"name":"useCreateObligation","decl":{"start":{"line":32,"column":16},"end":{"line":32,"column":38}},"loc":{"start":{"line":32,"column":38},"end":{"line":44,"column":null}},"line":32},"5":{"name":"(anonymous_5)","decl":{"start":{"line":35,"column":16},"end":{"line":35,"column":23}},"loc":{"start":{"line":35,"column":50},"end":{"line":41,"column":null}},"line":35},"6":{"name":"useUpdateObligation","decl":{"start":{"line":46,"column":16},"end":{"line":46,"column":38}},"loc":{"start":{"line":46,"column":38},"end":{"line":59,"column":null}},"line":46},"7":{"name":"(anonymous_7)","decl":{"start":{"line":49,"column":16},"end":{"line":49,"column":23}},"loc":{"start":{"line":49,"column":80},"end":{"line":56,"column":null}},"line":49},"8":{"name":"useDeleteObligation","decl":{"start":{"line":61,"column":16},"end":{"line":61,"column":38}},"loc":{"start":{"line":61,"column":38},"end":{"line":73,"column":null}},"line":61},"9":{"name":"(anonymous_9)","decl":{"start":{"line":64,"column":16},"end":{"line":64,"column":23}},"loc":{"start":{"line":64,"column":38},"end":{"line":70,"column":null}},"line":64},"10":{"name":"useRestoreObligation","decl":{"start":{"line":75,"column":16},"end":{"line":75,"column":39}},"loc":{"start":{"line":75,"column":39},"end":{"line":87,"column":null}},"line":75},"11":{"name":"(anonymous_11)","decl":{"start":{"line":78,"column":16},"en
[...]
,"/Users/vasyaevdokimov/repos/personal-finance-dss/frontend/src/widgets/metrics-grid/MetricsGrid.tsx": {"path":"/Users/vasyaevdokimov/repos/personal-finance-dss/frontend/src/widgets/metrics-grid/MetricsGrid.tsx","statementMap":{"0":{"start":{"line":18,"column":30},"end":{"line":18,"column":null}},"1":{"start":{"line":22,"column":25},"end":{"line":22,"column":null}},"2":{"start":{"line":23,"column":22},"end":{"line":23,"column":null}},"3":{"start":{"line":26,"column":17},"end":{"line":26,"column":null}},"4":{"start":{"line":27,"column":8},"end":{"line":27,"column":null}},"5":{"start":{"line":29,"column":4},"end":{"line":33,"column":null}},"6":{"start":{"line":34,"column":18},"end":{"line":34,"column":null}},"7":{"start":{"line":35,"column":29},"end":{"line":35,"column":null}},"8":{"start":{"line":37,"column":2},"end":{"line":118,"column":null}}},"fnMap":{"0":{"name":"MetricsGrid","decl":{"start":{"line":25,"column":16},"end":{"line":25,"column":28}},"loc":{"start":{"line":25,"column":76},"end":{"line":120,"column":null}},"line":25}},"branchMap":{"0":{"loc":{"start":{"line":29,"column":4},"end":{"line":33,"column":null}},"type":"cond-expr","locations":[{"start":{"line":30,"column":8},"end":{"line":30,"column":null}},{"start":{"line":31,"column":8},"end":{"line":33,"column":null}}],"line":29},"1":{"loc":{"start":{"line":31,"column":8},"end":{"line":33,"column":null}},"type":"cond-expr","locations":[{"start":{"line":32,"column":10},"end":{"line":32,"column":null}},{"start":{"line":33,"column":10},"end":{"line":33,"column":null}}],"line":31},"2":{"loc":{"start":{"line":34,"column":18},"end":{"line":34,"column":null}},"type":"binary-expr","locations":[{"start":{"line":34,"column":18},"end":{"line":34,"column":44}},{"start":{"line":34,"column":44},"end":{"line":34,"column":null}}],"line":34},"3":{"loc":{"start":{"line":41,"column":15},"end":{"line":41,"column":null}},"type":"cond-expr","locations":[{"start":{"line":41,"column":24},"end":{"line":41,"column":86}},{"start":{"line":41,"column":86},"end":{"line":41,"column":null}}],"line":41},"4":{"loc":{"start":{"line":42,"column":22},"end":{"line":42,"column":null}},"type":"cond-expr","locations":[{"start":{"line":42,"column":31},"end":{"line":42,"column":40}},{"start":{"line":42,"column":40},"end":{"line":42,"column":null}}],"line":42},"5":{"loc":{"start":{"line":64,"column":10},"end":{"line":68,"column":null}},"type":"cond-expr","locations":[{"start":{"line":65,"column":14},"end":{"line":65,"column":null}},{"start":{"line":66,"column":14},"end":{"line":68,"column":null}}],"line":64},"6":{"loc":{"start":{"line":66,"column":14},"end":{"line":68,"column":null}},"type":"cond-expr","locations":[{"start":{"line":67,"column":16},"end":{"line":67,"column":null}},{"start":{"line":68,"column":16},"end":{"line":68,"column":null}}],"line":66},"7":{"loc":{"start":{"line":91,"column":13},"end":{"line":96,"column":null}},"type":"binary-expr","locations":[{"start":{"line":91,"column":13},"end":{"line":91,"column":null}},{"start":{"line":92,"column":14},"end":{"line":96,"column":null}}],"line":91},"8":{"loc":{"start":{"line":103,"column":15},"end":{"line":103,"column":null}},"type":"cond-expr","locations":[{"start":{"line":103,"column":25},"end":{"line":103,"column":37}},{"start":{"line":103,"column":37},"end":{"line":103,"column":null}}],"line":103},"9":{"loc":{"start":{"line":104,"column":22},"end":{"line":104,"column":null}},"type":"cond-expr","locations":[{"start":{"line":104,"column":32},"end":{"line":104,"column":41}},{"start":{"line":104,"column":41},"end":{"line":104,"column":null}}],"line":104},"10":{"loc":{"start":{"line":105,"column":15},"end":{"line":105,"column":null}},"type":"cond-expr","locations":[{"start":{"line":105,"column":40},"end":{"line":105,"column":71}},{"start":{"line":105,"column":71},"end":{"line":105,"column":null}}],"line":105}},"s":{"0":3,"1":3,"2":3,"3":22,"4":22,"5":22,"6":22,"7":22,"8":22},"f":{"0":22},"b":{"0":[5,17],"1":[2,15],"2":[22,22],"3":[10,12],"4":[10,12],"5":[5,17],"6":[2,15],"7":[22,2],"8":[1,21],"9":[1,21],"10":[22,0]},"meta":{"lastBranch":11,"lastFunction":1,"lastStatement":9,"seen":{"s:18:30:18:Infinity":0,"s:22:25:22:Infinity":1,"s:23:22:23:Infinity":2,"f:25:16:25:28":0,"s:26:17:26:Infinity":3,"s:27:8:27:Infinity":4,"s:29:4:33:Infinity":5,"b:30:8:30:Infinity:31:8:33:Infinity":0,"b:32:10:32:Infinity:33:10:33:Infinity":1,"s:34:18:34:Infinity":6,"b:34:18:34:44:34:44:34:Infinity":2,"s:35:29:35:Infinity":7,"s:37:2:118:Infinity":8,"b:41:24:41:86:41:86:41:Infinity":3,"b:42:31:42:40:42:40:42:Infinity":4,"b:65:14:65:Infinity:66:14:68:Infinity":5,"b:67:16:67:Infinity:68:16:68:Infinity":6,"b:91:13:91:Infinity:92:14:96:Infinity":7,"b:103:25:103:37:103:37:103:Infinity":8,"b:104:32:104:41:104:41:104:Infinity":9,"b:105:40:105:71:105:71:105:Infinity":10},"fnNames":{}}}
,"/Users/vasyaevdokimov/repos/personal-finance-dss/frontend/src/widgets/metrics-grid/ZoneScale.tsx": {"path":"/Users/vasyaevdokimov/repos/personal-finance-dss/frontend/src/widgets/metrics-grid/ZoneScale.tsx","statementMap":{"0":{"start":{"line":23,"column":21},"end":{"line":23,"column":null}},"1":{"start":{"line":26,"column":19},"end":{"line":36,"column":null}},"2":{"start":{"line":27,"column":19},"end":{"line":34,"column":null}},"3":{"start":{"line":38,"column":2},"end":{"line":50,"column":null}},"4":{"start":{"line":42,"column":10},"end":{"line":46,"column":null}}},"fnMap":{"0":{"name":"ZoneScale","decl":{"start":{"line":14,"column":16},"end":{"line":14,"column":26}},"loc":{"start":{"line":22,"column":3},"end":{"line":52,"column":null}},"line":22},"1":{"name":"(anonymous_1)","decl":{"start":{"line":26,"column":25},"end":{"line":26,"column":null}},"loc":{"start":{"line":27,"column":19},"end":{"line":34,"column":null}},"line":27},"2":{"name":"(anonymous_2)","decl":{"start":{"line":41,"column":18},"end":{"line":41,"column":23}},"loc":{"start":{"line":42,"column":10},"end":{"line":46,"column":null}},"line":42}},"branchMap":{"0":{"loc":{"start":{"line":30,"column":14},"end":{"line":30,"column":null}},"type":"cond-expr","locations":[{"start":{"line":30,"column":31},"end":{"line":30,"column":56}},{"start":{"line":30,"column":56},"end":{"line":30,"column":null}}],"line":30}},"s":{"0":49,"1":49,"2":116,"3":49,"4":116},"f":{"0":49,"1":116,"2":116},"b":{"0":[67,49]},"meta":{"lastBranch":1,"lastFunction":3,"lastStatement":5,"seen":{"f:14:16:14:26":0,"s:23:21:23:Infinity":0,"s:26:19:36:Infinity":1,"f:26:25:26:Infinity":1,"s:27:19:34:Infinity":2,"b:30:31:30:56:30:56:30:Infinity":0,"s:38:2:50:Infinity":3,"f:41:18:41:23":2,"s:42:10:46:Infinity":4},"fnNames":{}}}
,"/Users/vasyaevdokimov/repos/personal-finance-dss/frontend/src/widgets/metrics-grid/index.ts": {"path":"/Users/vasyaevdokimov/repos/personal-finance-dss/frontend/src/widgets/metrics-grid/index.ts","statementMap":{},"fnMap":{},"branchMap":{},"s":{},"f":{},"b":{},"meta":{"lastBranch":0,"lastFunction":0,"lastStatement":0,"seen":{},"fnNames":{}}}
,"/Users/vasyaevdokimov/repos/personal-finance-dss/frontend/src/widgets/notification-bell/NotificationBell.tsx": {"path":"/Users/vasyaevdokimov/repos/personal-finance-dss/frontend/src/widgets/notification-bell/NotificationBell.tsx","statementMap":{"0":{"start":{"line":38,"column":26},"end":{"line":38,"column":null}},"1":{"start":{"line":39,"column":19},"end":{"line":39,"column":31}},"2":{"start":{"line":43,"column":18},"end":{"line":43,"column":29}},"3":{"start":{"line":44,"column":17},"end":{"line":44,"column":32}},"4":{"start":{"line":46,"column":15},"end":{"line":46,"column":null}},"5":{"start":{"line":47,"column":19},"end":{"line":47,"column":31}},"6":{"start":{"line":48,"column":22},"end":{"line":48,"column":37}},"7":{"start":{"line":50,"column":2},"end":{"line":54,"column":null}},"8":{"start":{"line":53,"column":4},"end":{"line":53,"column":null}},"9":{"start":{"line":59,"column":2},"end":{"line":59,"column":null}},"10":{"start":{"line":59,"column":38},"end":{"line":59,"column":null}},"11":{"start":{"line":65,"column":2},"end":{"line":65,"column":null}},"12":{"start":{"line":65,"column":39},"end":{"line":65,"column":null}},"13":{"start":{"line":71,"column":16},"end":{"line":71,"column":null}},"14":{"start":{"line":72,"column":16},"end":{"line":72,"column":null}},"15":{"start":{"line":75,"column":4},"end":{"line":79,"column":null}},"16":{"start":{"line":76,"column":6},"end":{"line":78,"column":null}},"17":{"start":{"line":77,"column":23},"end":{"line":77,"column":null}},"18":{"start":{"line":83,"column":4},"end":{"line":86,"column":null}},"19":{"start":{"line":84,"column":6},"end":{"line":84,"column":null}},"20":{"start":{"line":85,"column":6},"end":{"line":85,"column":null}},"21":{"start":{"line":89,"column":2},"end":{"line":191,"column":null}},"22":{"start":{"line":128,"column":18},"end":{"line":136,"column":null}},"23":{"start":{"line":130,"column":22},"end":{"line":130,"column":null}},"24":{"start":{"line":135,"column":37},"end":{"line":135,"column":null}},"25":{"start":{"line":151,"column":57},"end":{"line":151,"column":null}},"26":{"start":{"line":169,"column":16},"end":{"line":185,"column":null}},"27":{"start":{"line":173,"column":35},"end":{"line":173,"column":null}},"28":{"start":{"line":197,"column":12},"end":{"line":197,"column":null}},"29":{"start":{"line":198,"column":2},"end":{"line":198,"column":null}},"30":{"start":{"line":198,"column":33},"end":{"line":198,"column":null}},"31":{"start":{"line":199,"column":2},"end":{"line":199,"column":null}},"32":{"start":{"line":206,"column":2},"end":{"line":222,"column":null}}},"fnMap":{"0":{"name":"NotificationBell","decl":{"start":{"line":37,"column":16},"end":{"line":37,"column":35}},"loc":{"start":{"line":37,"column":35},"end":{"line":193,"column":null}},"line":37},"1":{"name":"openLink","decl":{"start":{"line":74,"column":11},"end":{"line":74,"column":20}},"loc":{"start":{"line":74,"column":40},"end":{"line":87,"column":null}},"line":74},"2":{"name":"(anonymous_2)","decl":{"start":{"line":77,"column":8},"end":{"line":77,"column":23}},"loc":{"start":{"line":77,"column":23},"end":{"line":77,"column":null}},"line":77},"3":{"name":"(anonymous_3)","decl":{"start":{"line":127,"column":16},"end":{"line":127,"column":null}},"loc":{"start":{"line":128,"column":18},"end":{"line":136,"column":null}},"line":128},"4":{"name":"(anonymous_4)","decl":{"start":{"line":129,"column":20},"end":{"line":129,"column":null}},"loc":{"start":{"line":130,"column":22},"end":{"line":130,"column":null}},"line":130},"5":{"name":"(anonymous_5)","decl":{"start":{"line":135,"column":20},"end":{"line":135,"column":37}},"loc":{"start":{"line":135,"column":37},"end":{"line":135,"column":null}},"line":135},"6":{"name":"(anonymous_6)","decl":{"start":{"line":151,"column":42},"end":{"line":151,"column":57}},"loc":{"start":{"line":151,"column":57},"end":{"line":151,"column":null}},"line":151},"7":{"name":"(anonymous_7)","decl":{"start":{"line":168,"column":31},"end":{"line":168,"column":36}},"loc":{"start":{"line":169,"column":16},"end":{"line":185,"column":null}},"line":169},"8":{"name":"(anonymous_8)","decl":{"start":{"line":173,"column":20},"end":{"line":173,"column":35}},"loc":{"start":{"line":173,"column":35},"end":{"line":173,"column":null}},"line":173},"9":{"name":"formatWhen","decl":{"start":{"line":196,"column":9},"end":{"line":196,"column":20}},"loc":{"start":{"line":196,"column":41},"end":{"line":200,"column":null}},"line":196},"10":{"name":"BellIcon","decl":{"start":{"line":205,"column":9},"end":{"line":205,"column":20}},"loc":{"start":{"line":205,"column":20},"end":{"line":224,"column":null}},"line":205}},"branchMap":{"0":{"loc":{"start":{"line":50,"column":2},"end":{"line":54,"column":null}},"type":"if","locations":[{"start":{"line":50,"column":2},"end":{"line":54,"column":null}},{"start":{},"end":{}}],"line":50},"1":{"loc":{"start":{"line":50,"column":6},"end":{"line":50,"column":45}},"type":"binary-expr","locations":[{"start":{"line":50,"column":6},"end":{"line":50,"column":27}},{"start":{"line":50,"column":27},"end":{"line":50,"column":45}}],"line":50},"2":{"loc":{"start":{"line":59,"column":2},"end":{"line":59,"column":null}},"type":"if","locations":[{"start":{"line":59,"column":2},"end":{"line":59,"column":null}},{"start":{},"end":{}}],"line":59},"3":{"loc":{"start":{"line":59,"column":6},"end":{"line":59,"column":38}},"type":"binary-expr","locations":[{"start":{"line":59,"column":6},"end":{"line":59,"column":23}},{"start":{"line":59,"column":23},"end":{"line":59,"column":38}}],"line":59},"4":{"loc":{"start":{"line":65,"column":2},"end":{"line":65,"column":null}},"type":"if","locations":[{"start":{"line":65,"column":2},"end":{"line":65,"column":null}},{"start":{},"end":{}}],"line":65},"5":{"loc":{"start":{"line":71,"column":16},"end":{"line":71,"column":null}},"type":"binary-expr","locations":[{"start":{"line":71,"column":16},"end":{"line":71,"column":31}},{"start":{"line":71,"column":31},"end":{"line":71,"column":null}}],"line":71},"6":{"loc":{"start":{"line":72,"column":16},"end":{"line":72,"column":null}},"type":"cond-expr","locations":[{"start":{"line":72,"column":28},"end":{"line":72,"column":81}},{"start":{"line":72,"column":81},"end":{"line":72,"column":null}}],"line":72},"7":{"loc":{"start":{"line":75,"column":4},"end":{"line":79,"column":null}},"type":"if","locations":[{"start":{"line":75,"column":4},"end":{"line":79,"column":null}},{"start":{},"end":{}}],"line":75},"8":{"loc":{"start":{"line":83,"column":4},"end":{"line":86,"column":null}},"type":"if","locations":[{"start":{"line":83,"column":4},"end":{"line":86,"column":null}},{"start":{},"end":{}}],"line":83},"9":{"loc":{"start":{"line":104,"column":11},"end":{"line":109,"column":null}},"type":"binary-expr","locations":[{"start":{"line":104,"column":11},"end":{"line":104,"column":null}},{"start":{"line":105,"column":12},"end":{"line":109,"column":null}}],"line":104},"10":{"loc":{"start":{"line":106,"column":15},"end":{"line":106,"column":null}},"type":"cond-expr","locations":[{"start":{"line":106,"column":28},"end":{"line":106,"column":36}},{"start":{"line":106,"column":36},"end":{"line":106,"column":null}}],"line":106},"11":{"loc":{"start":{"line":122,"column":14},"end":{"line":142,"column":null}},"type":"binary-expr","locations":[{"start":{"line":122,"column":14},"end":{"line":122,"column":null}},{"start":{"line":123,"column":14},"end":{"line":142,"column":null}}],"line":122},"12":{"loc":{"start":{"line":122,"column":14},"end":{"line":122,"column":46}},"type":"binary-expr","locations":[{"start":{"line":122,"column":14},"end":{"line":122,"column":41}},{"start":{"line":122,"column":41},"end":{"line":122,"column":46}}],"line":122},"13":{"loc":{"start":{"line":144,"column":11},"end":{"line":144,"column":null}},"type":"binary-expr","locations":[{"start":{"line":144,"column":11},"end":{"line":144,"column":29}},{"start":{"line":144,"column":29},"end":{"line":144,"column":null}}],"line":144},"14":{"loc":{"start":{"line":146,"column":11},"end":{"line":157,"column":null}},"type":"binary-expr","locations":[{"start":{"line":146,"column":11},"end":{"line":146,"column":null}},{"start":{"line":147,"column":12},"end":{"line":157,"column":null}}],"line":146},"15":{"loc":{"start":{"line":160,"column":11},"end":{"line":163,"column":null}},"type":"binary-expr","locations":[{"start":{"line":160,"column":11},"end":{"line":160,"column":24}},{"start":{"line":160,"column":24},"end":{"line":160,"column":null}},{"start":{"line":161,"column":12},"end":{"line":163,"column":null}}],"line":160},"16":{"loc":{"start":{"line":166,"column":11},"end":{"line":187,"column":null}},"type":"binary-expr","locations":[{"start":{"line":166,"column":11},"end":{"line":166,"column":24}},{"start":{"line":166,"column":24},"end":{"line":166,"column":null}},{"start":{"line":167,"column":12},"end":{"line":187,"column":null}}],"line":166},"17":{"loc":{"start":{"line":172,"column":31},"end":{"line":172,"column":null}},"type":"cond-expr","locations":[{"start":{"line":172,"column":43},"end":{"line":172,"column":61}},{"start":{"line":172,"column":61},"end":{"line":172,"column":null}}],"line":172},"18":{"loc":{"start":{"line":180,"column":23},"end":{"line":181,"column":null}},"type":"binary-expr","locations":[{"start":{"line":180,"column":23},"end":{"line":180,"column":37}},{"start":{"line":180,"column":37},"end":{"line":181,"column":null}}],"line":180},"19":{"loc":{"start":{"line":198,"column":2},"end":{"line":198,"column":null}},"type":"if","locations":[{"start":{"line":198,"column":2},"end":{"line":198,"column":null}},{"start":{},"end":{}}],"line":198}},"s":{"0":30,"1":30,"2":30,"3":30,"4":30,"5":30,"6":30,"7":30,"8":1,"9":29,"10":2,"11":27,"12":1,"13":26,"14":30,"15":4,"16":3,"17":1,"18":4,"19":1,"20":1,"21":30,"22":0,"23":0,"24":0,"25":1,"26":15,"27":4,"28":15,"29":15,"30":0,"31":15,"32":26},"f":{"0":30,"1":4,"2":1,"3":0,"4":0,"5":0,"6":1,"7":15,"8":4,"9":15,"10":26},"b":{"0":[1,29],"1":[30,30],"2":[2,27],"3":[29,28],"4":[1,26],"5":[26,1],"6":[7,19],"7":[3,1],"8":[1,3],"9":[30,7],"10":[0,7],"11":[30,11],"12":[30,9],"13":[30,0],"14":[30,4],"15":[30,17,2],"16":[30,17,15],"17":[4,11],"18":[15,11],"19":[0,15]},"meta":{"lastBranch":20,"lastFunction":11,"lastStatement":33,"seen":{"f:37:16:37:35":0,"s:38:26:38:Infinity":0,"s:39:19:39:31":1,"s:43:18:43:29":2,"s:44:17:44:32":3,"s:46:15:46:Infinity":4,"s:47:19:47:31":5,"s:48:22:48:37":6,"b:50:2:54:Infinity:undefined:undefined:undefined:undefined":0,"s:50:2:54:Infinity":7,"b:50:6:50:27:50:27:50:45":1,"s:53:4:53:Infinity":8,"b:59:2:59:Infinity:undefined:undefined:undefined:undefined":2,"s:59:2:59:Infinity":9,"b:59:6:59:23:59:23:59:38":3,"s:59:38:59:Infinity":10,"b:65:2:65:Infinity:undefined:undefined:undefined:undefined":4,"s:65:2:65:Infinity":11,"s:65:39:65:Infinity":12,"s:71:16:71:Infinity":13,"b:71:16:71:31:71:31:71:Infinity":5,"s:72:16:72:Infinity":14,"b:72:28:72:81:72:81:72:Infinity":6,"f:74:11:74:20":1,"b:75:4:79:Infinity:undefined:undefined:undefined:undefined":7,"s:75:4:79:Infinity":15,"s:76:6:78:Infinity":16,"f:77:8:77:23":2,"s:77:23:77:Infinity":17,"b:83:4:86:Infinity:undefined:undefined:undefined:undefined":8,"s:83:4:86:Infinity":18,"s:84:6:84:Infinity":19,"s:85:6:85:Infinity":20,"s:89:2:191:Infinity":21,"b:104:11:104:Infinity:105:12:109:Infinity":9,"b:106:28:106:36:106:36:106:Infinity":10,"b:122:14:122:Infinity:123:14:142:Infinity":11,"b:122:14:122:41:122:41:122:46":12,"f:127:16:127:Infinity":3,"s:128:18:136:Infinity":22,"f:129:20:129:Infinity":4,"s:130:22:130:Infinity":23,"f:135:20:135:37":5,"s:135:37:135:Infinity":24,"b:144:11:144:29:144:29:144:Infinity":13,"b:146:11:146:Infinity:147:12:157:Infinity":14,"f:151:42:151:57":6,"s:151:57:151:Infinity":25,"b:160:11:160:24:160:24:160:Infinity:161:12:163:Infinity":15,"b:166:11:166:24:166:24:166:Infinity:167:12:187:Infinity":16,"f:168:31:168:36":7,"s:169:16:185:Infinity":26,"b:172:43:172:61:172:61:172:Infinity":17,"f:173:20:173:35":8,"s:173:35:173:Infinity":27,"b:180:23:180:37:180:37:181:Infinity":18,"f:196:9:196:20":9,"s:197:12:197:Infinity":28,"b:198:2:198:Infinity:undefined:undefined:undefined:undefined":19,"s:198:2:198:Infinity":29,"s:198:33:198:Infinity":30,"s:199:2:199:Infinity":31,"f:205:9:205:20":10,"s:206:2:222:Infinity":32},"fnNames":{}}}
,"/Users/vasyaevdokimov/repos/personal-finance-dss/frontend/src/widgets/notification-bell/index.ts": {"path":"/Users/vasyaevdokimov/repos/personal-finance-dss/frontend/src/widgets/notification-bell/index.ts","statementMap":{},"fnMap":{},"branchMap":{},"s":{},"f":{},"b":{},"meta":{"lastBranch":0,"lastFunction":0,"lastStatement":0,"seen":{},"fnNames":{}}}
}
