{"total": {"lines":{"total":1968,"covered":1881,"skipped":0,"pct":95.57},"statements":{"total":2127,"covered":2009,"skipped":0,"pct":94.45},"functions":{"total":737,"covered":667,"skipped":0,"pct":90.5},"branches":{"total":1869,"covered":1685,"skipped":0,"pct":90.15},"branchesTrue":{"total":0,"covered":0,"skipped":0,"pct":100}}
,"/Users/vasyaevdokimov/repos/personal-finance-dss/frontend/src/app/providers/QueryProvider.tsx": {"lines":{"total":3,"covered":0,"skipped":0,"pct":0},"functions":{"total":2,"covered":0,"skipped":0,"pct":0},"statements":{"total":3,"covered":0,"skipped":0,"pct":0},"branches":{"total":0,"covered":0,"skipped":0,"pct":100}}
,"/Users/vasyaevdokimov/repos/personal-finance-dss/frontend/src/app/providers/index.ts": {"lines":{"total":0,"covered":0,"skipped":0,"pct":100},"functions":{"total":0,"covered":0,"skipped":0,"pct":100},"statements":{"total":0,"covered":0,"skipped":0,"pct":100},"branches":{"total":0,"covered":0,"skipped":0,"pct":100}}
,"/Users/vasyaevdokimov/repos/personal-finance-dss/frontend/src/entities/assets/index.ts": {"lines":{"total":0,"covered":0,"skipped":0,"pct":100},"functions":{"total":0,"covered":0,"skipped":0,"pct":100},"statements":{"total":0,"covered":0,"skipped":0,"pct":100},"branches":{"total":0,"covered":0,"skipped":0,"pct":100}}
,"/Users/vasyaevdokimov/repos/personal-finance-dss/frontend/src/entities/assets/api/useLiquidAssets.ts": {"lines":{"total":22,"covered":22,"skipped":0,"pct":100},"functions":{"total":12,"covered":12,"skipped":0,"pct":100},"statements":{"total":23,"covered":23,"skipped":0,"pct":100},"branches":{"total":0,"covered":0,"skipped":0,"pct":100}}
,"/Users/vasyaevdokimov/repos/personal-finance-dss/frontend/src/entities/assets/model/types.ts": {"lines":{"total":0,"covered":0,"skipped":0,"pct":100},"functions":{"total":0,"covered":0,"skipped":0,"pct":100},"statements":{"total":0,"covered":0,"skipped":0,"pct":100},"branches":{"total":0,"covered":0,"skipped":0,"pct":100}}
,"/Users/vasyaevdokimov/repos/personal-finance-dss/frontend/src/entities/auth/index.ts": {"lines":{"total":0,"covered":0,"skipped":0,"pct":100},"functions":{"total":0,"covered":0,"skipped":0,"pct":100},"statements":{"total":0,"covered":0,"skipped":0,"pct":100},"branches":{"total":0,"covered":0,"skipped":0,"pct":100}}
,"/Users/vasyaevdokimov/repos/personal-finance-dss/frontend/src/entities/auth/api/useAuth.ts": {"lines":{"total":35,"covered":35,"skipped":0,"pct":100},"functions":{"total":21,"covered":21,"skipped":0,"pct":100},"statements":{"total":37,"covered":37,"skipped":0,"pct":100},"branches":{"total":2,"covered":2,"skipped":0,"pct":100}}
,"/Users/vasyaevdokimov/repos/personal-finance-dss/frontend/src/entities/auth/lib/isSessionExpired.ts": {"lines":{"total":2,"covered":2,"skipped":0,"pct":100},"functions":{"total":1,"covered":1,"skipped":0,"pct":100},"statements":{"total":3,"covered":3,"skipped":0,"pct":100},"branches":{"total":2,"covered":2,"skipped":0,"pct":100}}
,"/Users/vasyaevdokimov/repos/personal-finance-dss/frontend/src/entities/auth/model/types.ts": {"lines":{"total":0,"covered":0,"skipped":0,"pct":100},"functions":{"total":0,"covered":0,"skipped":0,"pct":100},"statements":{"total":0,"covered":0,"skipped":0,"pct":100},"branches":{"total":0,"covered":0,"skipped":0,"pct":100}}
,"/Users/vasyaevdokimov/repos/personal-finance-dss/frontend/src/entities/auth/ui/SessionExpiredPanel.tsx": {"lines":{"total":2,"covered":2,"skipped":0,"pct":100},"functions":{"total":1,"covered":1,"skipped":0,"pct":100},"statements":{"total":2,"covered":2,"skipped":0,"pct":100},"branches":{"total":2,"covered":2,"skipped":0,"pct":100}}
,"/Users/vasyaevdokimov/repos/personal-finance-dss/frontend/src/entities/bank-import/index.ts": {"lines":{"total":0,"covered":0,"skipped":0,"pct":100},"functions":{"total":0,"covered":0,"skipped":0,"pct":100},"statements":{"total":0,"covered":0,"skipped":0,"pct":100},"branches":{"total":0,"covered":0,"skipped":0,"pct":100}}
,"/Users/vasyaevdokimov/repos/personal-finance-dss/frontend/src/entities/bank-import/api/useBankImport.ts": {"lines":{"total":11,"covered":11,"skipped":0,"pct":100},"functions":{"total":5,"covered":5,"skipped":0,"pct":100},"statements":{"total":12,"covered":12,"skipped":0,"pct":100},"branches":{"total":4,"covered":4,"skipped":0,"pct":100}}
,"/Users/vasyaevdokimov/repos/personal-finance-dss/frontend/src/entities/bank-import/model/types.ts": {"lines":{"total":0,"covered":0,"skipped":0,"pct":100},"functions":{"total":0,"covered":0,"skipped":0,"pct":100},"statements":{"total":0,"covered":0,"skipped":0,"pct":100},"branches":{"total":0,"covered":0,"skipped":0,"pct":100}}
,"/Users/vasyaevdokimov/repos/personal-finance-dss/frontend/src/entities/budgets/index.ts": {"lines":{"total":0,"covered":0,"skipped":0,"pct":100},"functions":{"total":0,"covered":0,"skipped":0,"pct":100},"statements":{"total":0,"covered":0,"skipped":0,"pct":100},"branches":{"total":0,"covered":0,"skipped":0,"pct":100}}
,"/Users/vasyaevdokimov/repos/personal-finance-dss/frontend/src/entities/budgets/api/useBudgets.ts": {"lines":{"total":18,"covered":18,"skipped":0,"pct":100},"functions":{"total":10,"covered":10,"skipped":0,"pct":100},"statements":{"total":19,"covered":19,"skipped":0,"pct":100},"branches":{"total":2,"covered":2,"skipped":0,"pct":100}}
,"/Users/vasyaevdokimov/repos/personal-finance-dss/frontend/src/entities/budgets/model/types.ts": {"lines":{"total":0,"covered":0,"skipped":0,"pct":100},"functions":{"total":0,"covered":0,"skipped":0,"pct":100},"statements":{"total":0,"covered":0,"skipped":0,"pct":100},"branches":{"total":0,"covered":0,"skipped":0,"pct":100}}
,"/Users/vasyaevdokimov/repos/personal-finance-dss/frontend/src/entities/consents/index.ts": {"lines":{"total":0,"covered":0,"skipped":0,"pct":100},"functions":{"total":0,"covered":0,"skipped":0,"pct":100},"statements":{"total":0,"covered":0,"skipped":0,"pct":100},"branches":{"total":0,"covered":0,"skipped":0,"pct":100}}
,"/Users/vasyaevdokimov/repos/personal-finance-dss/frontend/src/entities/consents/api/useConsents.ts": {"lines":{"total":14,"covered":14,"skipped":0,"pct":100},"functions":{"total":8,"covered":8,"skipped":0,"pct":100},"statements":{"total":15,"covered":15,"skipped":0,"pct":100},"branches":{"total":0,"covered":0,"skipped":0,"pct":100}}
,"/Users/vasyaevdokimov/repos/personal-finance-dss/frontend/src/entities/consents/model/types.ts": {"lines":{"total":0,"covered":0,"skipped":0,"pct":100},"functions":{"total":0,"covered":0,"skipped":0,"pct":100},"statements":{"total":0,"covered":0,"skipped":0,"pct":100},"branches":{"total":0,"covered":0,"skipped":0,"pct":100}}
,"/Users/vasyaevdokimov/repos/personal-finance-dss/frontend/src/entities/consents/ui/ConsentRequiredPanel.tsx": {"lines":{"total":5,"covered":5,"skipped":0,"pct":100},"functions":{"total":3,"covered":3,"skipped":0,"pct":100},"statements":{"total":6,"covered":6,"skipped":0,"pct":100},"branches":{"total":8,"covered":7,"skipped":0,"pct":87.5}}
,"/Users/vasyaevdokimov/repos/personal-finance-dss/frontend/src/entities/demo/index.ts": {"lines":{"total":0,"covered":0,"skipped":0,"pct":100},"functions":{"total":0,"covered":0,"skipped":0,"pct":100},"statements":{"total":0,"covered":0,"skipped":0,"pct":100},"branches":{"total":0,"covered":0,"skipped":0,"pct":100}}
,"/Users/vasyaevdokimov/repos/personal-finance-dss/frontend/src/entities/demo/api/useDemoCases.ts": {"lines":{"total":6,"covered":6,"skipped":0,"pct":100},"functions":{"total":4,"covered":4,"skipped":0,"pct":100},"statements":{"total":6,"covered":6,"skipped":0,"pct":100},"branches":{"total":1,"covered":1,"skipped":0,"pct":100}}
,"/Users/vasyaevdokimov/repos/personal-finance-dss/frontend/src/entities/demo/api/useDemoPreview.ts": {"lines":{"total":3,"covered":0,"skipped":0,"pct":0},"functions":{"total":2,"covered":0,"skipped":0,"pct":0},"statements":{"total":3,"covered":0,"skipped":0,"pct":0},"branches":{"total":0,"covered":0,"skipped":0,"pct":100}}
,"/Users/vasyaevdokimov/repos/personal-finance-dss/frontend/src/entities/demo/model/types.ts": {"lines":{"total":0,"covered":0,"skipped":0,"pct":100},"functions":{"total":0,"covered":0,"skipped":0,"pct":100},"statements":{"total":0,"covered":0,"skipped":0,"pct":100},"branches":{"total":0,"covered":0,"skipped":0,"pct":100}}
,"/Users/vasyaevdokimov/repos/personal-finance-dss/frontend/src/entities/experiments/index.ts": {"lines":{"total":0,"covered":0,"skipped":0,"pct":100},"functions":{"total":0,"covered":0,"skipped":0,"pct":100},"statements":{"total":0,"covered":0,"skipped":0,"pct":100},"branches":{"total":0,"covered":0,"skipped":0,"pct":100}}
,"/Users/vasyaevdokimov/repos/personal-finance-dss/frontend/src/entities/experiments/api/useExperiments.ts": {"lines":{"total":7,"covered":7,"skipped":0,"pct":100},"functions":{"total":5,"covered":5,"skipped":0,"pct":100},"statements":{"total":7,"covered":7,"skipped":0,"pct":100},"branches":{"total":2,"covered":2,"skipped":0,"pct":100}}
,"/Users/vasyaevdokimov/repos/personal-finance-dss/frontend/src/entities/experiments/model/types.ts": {"lines":{"total":0,"covered":0,"skipped":0,"pct":100},"functions":{"total":0,"covered":0,"skipped":0,"pct":100},"statements":{"total":0,"covered":0,"skipped":0,"pct":100},"branches":{"total":0,"covered":0,"skipped":0,"pct":100}}
,"/Users/vasyaevdokimov/repos/personal-finance-dss/frontend/src/entities/goals/index.ts": {"lines":{"total":0,"covered":0,"skipped":0,"pct":100},"functions":{"total":0,"covered":0,"skipped":0,"pct":100},"statements":{"total":0,"covered":0,"skipped":0,"pct":100},"branches":{"total":0,"covered":0,"skipped":0,"pct":100}}
,"/Users/vasyaevdokimov/repos/personal-finance-dss/frontend/src/entities/goals/api/useGoals.ts": {"lines":{"total":26,"covered":26,"skipped":0,"pct":100},"functions":{"total":14,"covered":14,"skipped":0,"pct":100},"statements":{"total":27,"covered":27,"skipped":0,"pct":100},"branches":{"total":0,"covered":0,"skipped":0,"pct":100}}
,"/Users/vasyaevdokimov/repos/personal-finance-dss/frontend/src/entities/goals/model/categoryLabels.ts": {"lines":{"total":3,"covered":3,"skipped":0,"pct":100},"functions":{"total":1,"covered":1,"skipped":0,"pct":100},"statements":{"total":3,"covered":3,"skipped":0,"pct":100},"branches":{"total":0,"covered":0,"skipped":0,"pct":100}}
,"/Users/vasyaevdokimov/repos/personal-finance-dss/frontend/src/entities/goals/model/types.ts": {"lines":{"total":0,"covered":0,"skipped":0,"pct":100},"functions":{"total":0,"covered":0,"skipped":0,"pct":100},"statements":{"total":0,"covered":0,"skipped":0,"pct":100},"branches":{"total":0,"covered":0,"skipped":0,"pct":100}}
,"/Users/vasyaevdokimov/repos/personal-finance-dss/frontend/src/entities/households/index.ts": {"lines":{"total":0,"covered":0,"skipped":0,"pct":100},"functions":{"total":0,"covered":0,"skipped":0,"pct":100},"statements":{"total":0,"covered":0,"skipped":0,"pct":100},"branches":{"total":0,"covered":0,"skipped":0,"pct":100}}
,"/Users/vasyaevdokimov/repos/personal-finance-dss/frontend/src/entities/households/api/useHouseholds.ts": {"lines":{"total":42,"covered":40,"skipped":0,"pct":95.23},"functions":{"total":24,"covered":22,"skipped":0,"pct":91.66},"statements":{"total":45,"covered":42,"skipped":0,"pct":93.33},"branches":{"total":14,"covered":9,"skipped":0,"pct":64.28}}
,"/Users/vasyaevdokimov/repos/personal-finance-dss/frontend/src/entities/households/model/types.ts": {"lines":{"total":0,"covered":0,"skipped":0,"pct":100},"functions":{"total":0,"covered":0,"skipped":0,"pct":100},"statements":{"total":0,"covered":0,"skipped":0,"pct":100},"branches":{"total":0,"covered":0,"skipped":0,"pct":100}}
,"/Users/vasyaevdokimov/repos/personal-finance-dss/frontend/src/entities/insights/index.ts": {"lines":{"total":0,"covered":0,"skipped":0,"pct":100},"functions":{"total":0,"covered":0,"skipped":0,"pct":100},"statements":{"total":0,"covered":0,"skipped":0,"pct":100},"branches":{"total":0,"covered":0,"skipped":0,"pct":100}}
,"/Users/vasyaevdokimov/repos/personal-finance-dss/frontend/src/entities/insights/api/useInsights.ts": {"lines":{"total":6,"covered":6,"skipped":0,"pct":100},"functions":{"total":4,"covered":4,"skipped":0,"pct":100},"statements":{"total":6,"covered":6,"skipped":0,"pct":100},"branches":{"total":3,"covered":3,"skipped":0,"pct":100}}
,"/Users/vasyaevdokimov/repos/personal-finance-dss/frontend/src/entities/insights/model/types.ts": {"lines":{"total":0,"covered":0,"skipped":0,"pct":100},"functions":{"total":0,"covered":0,"skipped":0,"pct":100},"statements":{"total":0,"covered":0,"skipped":0,"pct":100},"branches":{"total":0,"covered":0,"skipped":0,"pct":100}}
,"/Users/vasyaevdokimov/repos/personal-finance-dss/frontend/src/entities/legal/index.ts": {"lines":{"total":0,"covered":0,"skipped":0,"pct":100},"functions":{"total":0,"covered":0,"skipped":0,"pct":100},"statements":{"total":0,"covered":0,"skipped":0,"pct":100},"branches":{"total":0,"covered":0,"skipped":0,"pct":100}}
,"/Users/vasyaevdokimov/repos/personal-finance-dss/frontend/src/entities/legal/api/useLegalDocument.ts": {"lines":{"total":3,"covered":0,"skipped":0,"pct":0},"functions":{"total":2,"covered":0,"skipped":0,"pct":0},"statements":{"total":3,"covered":0,"skipped":0,"pct":0},"branches":{"total":0,"covered":0,"skipped":0,"pct":100}}
,"/Users/vasyaevdokimov/repos/personal-finance-dss/frontend/src/entities/legal/api/useLegalDocuments.ts": {"lines":{"total":3,"covered":0,"skipped":0,"pct":0},"functions":{"total":2,"covered":0,"skipped":0,"pct":0},"statements":{"total":3,"covered":0,"skipped":0,"pct":0},"branches":{"total":0,"covered":0,"skipped":0,"pct":100}}
,"/Users/vasyaevdokimov/repos/personal-finance-dss/frontend/src/entities/legal/lib/legalLink.ts": {"lines":{"total":2,"covered":2,"skipped":0,"pct":100},"functions":{"total":1,"covered":1,"skipped":0,"pct":100},"statements":{"total":2,"covered":2,"skipped":0,"pct":100},"branches":{"total":2,"covered":1,"skipped":0,"pct":50}}
,"/Users/vasyaevdokimov/repos/personal-finance-dss/frontend/src/entities/legal/model/types.ts": {"lines":{"total":0,"covered":0,"skipped":0,"pct":100},"functions":{"total":0,"covered":0,"skipped":0,"pct":100},"statements":{"total":0,"covered":0,"skipped":0,"pct":100},"branches":{"total":0,"covered":0,"skipped":0,"pct":100}}
,"/Users/vasyaevdokimov/repos/personal-finance-dss/frontend/src/entities/notifications/index.ts": {"lines":{"total":0,"covered":0,"skipped":0,"pct":100},"functions":{"total":0,"covered":0,"skipped":0,"pct":100},"statements":{"total":0,"covered":0,"skipped":0,"pct":100},"branches":{"total":0,"covered":0,"skipped":0,"pct":100}}
,"/Users/vasyaevdokimov/repos/personal-finance-dss/frontend/src/entities/notifications/api/useNotifications.ts": {"lines":{"total":23,"covered":22,"skipped":0,"pct":95.65},"functions":{"total":11,"covered":11,"skipped":0,"pct":100},"statements":{"total":24,"covered":23,"skipped":0,"pct":95.83},"branches":{"total":4,"covered":4,"skipped":0,"pct":100}}
,"/Users/vasyaevdokimov/repos/personal-finance-dss/frontend/src/entities/notifications/model/types.ts": {"lines":{"total":0,"covered":0,"skipped":0,"pct":100},"functions":{"total":0,"covered":0,"skipped":0,"pct":100},"statements":{"total":0,"covered":0,"skipped":0,"pct":100},"branches":{"total":0,"covered":0,"skipped":0,"pct":100}}
,"/Users/vasyaevdokimov/repos/personal-finance-dss/frontend/src/entities/obligations/index.ts": {"lines":{"total":0,"covered":0,"skipped":0,"pct":100},"functions":{"total":0,"covered":0,"skipped":0,"pct":100},"statements":{"total":0,"covered":0,"skipped":0,"pct":100},"branches":{"total":0,"covered":0,"skipped":0,"pct":100}}
,"/Users/vasyaevdokimov/repos/personal-finance-dss/frontend/src/entities/obligations/api/useObligations.ts": {"lines":{"total":22,"covered":22,"skipped":0,"pct":100},"functions":{"total":12,"covered":12,"skipped":0,"pct":100},"statements":{"total":23,"covered":23,"skipped":0,"pct":100},"branches":{"total":0,"covered":0,"skipped":0,"pct":100}}
,"/Users/vasyaevdokimov/repos/personal-finance-dss/frontend/src/entities/obligations/model/types.ts": {"lines":{"total":0,"covered":0,"skipped":0,"pct":100},"functions":{"total":0,"covered":0,"skipped":0,"pct":100},"statements":{"total":0,"covered":0,"skipped":0,"pct":100},"branches":{"total":0,"covered":0,"skipped":0,"pct":100}}
,"/Users/vasyaevdokimov/repos/personal-finance-dss/frontend/src/entities/plan-history/index.ts": {"lines":{"total":0,"covered":0,"skipped":0,"pct":100},"functions":{"total":0,"covered":0,"skipped":0,"pct":100},"statements":{"total":0,"covered":0,"skipped":0,"pct":100},"branches":{"total":0,"covered":0,"skipped":0,"pct":100}}
,"/Users/vasyaevdokimov/repos/personal-finance-dss/frontend/src/entities/plan-history/api/usePlanHistory.ts": {"lines":{"total":18,"covered":18,"skipped":0,"pct":100},"functions":{"total":10,"covered":10,"skipped":0,"pct":100},"statements":{"total":19,"covered":19,"skipped":0,"pct":100},"branches":{"total":0,"covered":0,"skipped":0,"pct":100}}
,"/Users/vasyaevdokimov/repos/personal-finance-dss/frontend/src/entities/plan-history/model/types.ts": {"lines":{"total":0,"covered":0,"skipped":0,"pct":100},"functions":{"total":0,"covered":0,"skipped":0,"pct":100},"statements":{"total":0,"covered":0,"skipped":0,"pct":100},"branches":{"total":0,"covered":0,"skipped":0,"pct":100}}
,"/Users/vasyaevdokimov/repos/personal-finance-dss/frontend/src/entities/plan-summary/index.ts": {"lines":{"total":0,"covered":0,"skipped":0,"pct":100},"functions":{"total":0,"covered":0,"skipped":0,"pct":100},"statements":{"total":0,"covered":0,"skipped":0,"pct":100},"branches":{"total":0,"covered":0,"skipped":0,"pct":100}}
,"/Users/vasyaevdokimov/repos/personal-finance-dss/frontend/src/entities/plan-summary/api/useForecast.ts": {"lines":{"total":3,"covered":0,"skipped":0,"pct":0},"functions":{"total":2,"covered":0,"skipped":0,"pct":0},"statements":{"total":3,"covered":0,"skipped":0,"pct":0},"branches":{"total":3,"covered":0,"skipped":0,"pct":0}}
,"/Users/vasyaevdokimov/repos/personal-finance-dss/frontend/src/entities/plan-summary/api/useKeyRate.ts": {"lines":{"total":3,"covered":0,"skipped":0,"pct":0},"functions":{"total":2,"covered":0,"skipped":0,"pct":0},"statements":{"total":3,"covered":0,"skipped":0,"pct":0},"branches":{"total":0,"covered":0,"skipped":0,"pct":100}}
,"/Users/vasyaevdokimov/repos/personal-finance-dss/frontend/src/entities/plan-summary/api/usePlan.ts": {"lines":{"total":3,"covered":0,"skipped":0,"pct":0},"functions":{"total":2,"covered":0,"skipped":0,"pct":0},"statements":{"total":3,"covered":0,"skipped":0,"pct":0},"branches":{"total":0,"covered":0,"skipped":0,"pct":100}}
,"/Users/vasyaevdokimov/repos/personal-finance-dss/frontend/src/entities/plan-summary/model/dtiThresholds.ts": {"lines":{"total":3,"covered":3,"skipped":0,"pct":100},"functions":{"total":0,"covered":0,"skipped":0,"pct":100},"statements":{"total":3,"covered":3,"skipped":0,"pct":100},"branches":{"total":0,"covered":0,"skipped":0,"pct":100}}
,"/Users/vasyaevdokimov/repos/personal-finance-dss/frontend/src/entities/plan-summary/model/types.ts": {"lines":{"total":0,"covered":0,"skipped":0,"pct":100},"functions":{"total":0,"covered":0,"skipped":0,"pct":100},"statements":{"total":0,"covered":0,"skipped":0,"pct":100},"branches":{"total":0,"covered":0,"skipped":0,"pct":100}}
,"/Users/vasyaevdokimov/repos/personal-finance-dss/frontend/src/entities/profile/index.ts": {"lines":{"total":0,"covered":0,"skipped":0,"pct":100},"functions":{"total":0,"covered":0,"skipped":0,"pct":100},"statements":{"total":0,"covered":0,"skipped":0,"pct":100},"branches":{"total":0,"covered":0,"skipped":0,"pct":100}}
,"/Users/vasyaevdokimov/repos/personal-finance-dss/frontend/src/entities/profile/api/useProfile.ts": {"lines":{"total":8,"covered":8,"skipped":0,"pct":100},"functions":{"total":2,"covered":2,"skipped":0,"pct":100},"statements":{"total":9,"covered":9,"skipped":0,"pct":100},"branches":{"total":4,"covered":4,"skipped":0,"pct":100}}
,"/Users/vasyaevdokimov/repos/personal-finance-dss/frontend/src/entities/profile/model/types.ts": {"lines":{"total":0,"covered":0,"skipped":0,"pct":100},"functions":{"total":0,"covered":0,"skipped":0,"pct":100},"statements":{"total":0,"covered":0,"skipped":0,"pct":100},"branches":{"total":0,"covered":0,"skipped":0,"pct":100}}
,"/Users/vasyaevdokimov/repos/personal-finance-dss/frontend/src/entities/referral/index.ts": {"lines":{"total":0,"covered":0,"skipped":0,"pct":100},"functions":{"total":0,"covered":0,"skipped":0,"pct":100},"statements":{"total":0,"covered":0,"skipped":0,"pct":100},"branches":{"total":0,"covered":0,"skipped":0,"pct":100}}
,"/Users/vasyaevdokimov/repos/personal-finance-dss/frontend/src/entities/referral/api/useReferral.ts": {"lines":{"total":3,"covered":0,"skipped":0,"pct":0},"functions":{"total":2,"covered":0,"skipped":0,"pct":0},"statements":{"total":3,"covered":0,"skipped":0,"pct":0},"branches":{"total":0,"covered":0,"skipped":0,"pct":100}}
,"/Users/vasyaevdokimov/repos/personal-finance-dss/frontend/src/entities/referral/model/types.ts": {"lines":{"total":0,"covered":0,"skipped":0,"pct":100},"functions":{"total":0,"covered":0,"skipped":0,"pct":100},"statements":{"total":0,"covered":0,"skipped":0,"pct":100},"branches":{"total":0,"covered":0,"skipped":0,"pct":100}}
,"/Users/vasyaevdokimov/repos/personal-finance-dss/frontend/src/entities/spending/index.ts": {"lines":{"total":0,"covered":0,"skipped":0,"pct":100},"functions":{"total":0,"covered":0,"skipped":0,"pct":100},"statements":{"total":0,"covered":0,"skipped":0,"pct":100},"branches":{"total":0,"covered":0,"skipped":0,"pct":100}}
,"/Users/vasyaevdokimov/repos/personal-finance-dss/frontend/src/entities/spending/api/useSpendingAdvice.ts": {"lines":{"total":7,"covered":7,"skipped":0,"pct":100},"functions":{"total":3,"covered":3,"skipped":0,"pct":100},"statements":{"total":8,"covered":8,"skipped":0,"pct":100},"branches":{"total":5,"covered":5,"skipped":0,"pct":100}}
,"/Users/vasyaevdokimov/repos/personal-finance-dss/frontend/src/entities/spending/model/types.ts": {"lines":{"total":0,"covered":0,"skipped":0,"pct":100},"functions":{"total":0,"covered":0,"skipped":0,"pct":100},"statements":{"total":0,"covered":0,"skipped":0,"pct":100},"branches":{"total":0,"covered":0,"skipped":0,"pct":100}}
,"/Users/vasyaevdokimov/repos/personal-finance-dss/frontend/src/entities/transactions/index.ts": {"lines":{"total":0,"covered":0,"skipped":0,"pct":100},"functions":{"total":0,"covered":0,"skipped":0,"pct":100},"statements":{"total":0,"covered":0,"skipped":0,"pct":100},"branches":{"total":0,"covered":0,"skipped":0,"pct":100}}
,"/Users/vasyaevdokimov/repos/personal-finance-dss/frontend/src/entities/transactions/api/useTransactions.ts": {"lines":{"total":22,"covered":22,"skipped":0,"pct":100},"functions":{"total":12,"covered":12,"skipped":0,"pct":100},"statements":{"total":23,"covered":23,"skipped":0,"pct":100},"branches":{"total":0,"covered":0,"skipped":0,"pct":100}}
,"/Users/vasyaevdokimov/repos/personal-finance-dss/frontend/src/entities/transactions/model/types.ts": {"lines":{"total":0,"covered":0,"skipped":0,"pct":100},"functions":{"total":0,"covered":0,"skipped":0,"pct":100},"statements":{"total":0,"covered":0,"skipped":0,"pct":100},"branches":{"total":0,"covered":0,"skipped":0,"pct":100}}
,"/Users/vasyaevdokimov/repos/personal-finance-dss/frontend/src/entities/user-prefs/index.ts": {"lines":{"total":0,"covered":0,"skipped":0,"pct":100},"functions":{"total":0,"covered":0,"skipped":0,"pct":100},"statements":{"total":0,"covered":0,"skipped":0,"pct":100},"branches":{"total":0,"covered":0,"skipped":0,"pct":100}}
,"/Users/vasyaevdokimov/repos/personal-finance-dss/frontend/src/entities/user-prefs/api/useUserPrefs.ts": {"lines":{"total":10,"covered":10,"skipped":0,"pct":100},"functions":{"total":5,"covered":5,"skipped":0,"pct":100},"statements":{"total":10,"covered":10,"skipped":0,"pct":100},"branches":{"total":0,"covered":0,"skipped":0,"pct":100}}
,"/Users/vasyaevdokimov/repos/personal-finance-dss/frontend/src/entities/user-prefs/model/types.ts": {"lines":{"total":0,"covered":0,"skipped":0,"pct":100},"functions":{"total":0,"covered":0,"skipped":0,"pct":100},"statements":{"total":0,"covered":0,"skipped":0,"pct":100},"branches":{"total":0,"covered":0,"skipped":0,"pct":100}}
,"/Users/vasyaevdokimov/repos/personal-finance-dss/frontend/src/features/demo-sandbox/index.ts": {"lines":{"total":0,"covered":0,"skipped":0,"pct":100},"functions":{"total":0,"covered":0,"skipped":0,"pct":100},"statements":{"total":0,"covered":0,"skipped":0,"pct":100},"branches":{"total":0,"covered":0,"skipped":0,"pct":100}}
,"/Users/vasyaevdokimov/repos/personal-finance-dss/frontend/src/features/demo-sandbox/ui/DemoPreviewBody.tsx": {"lines":{"total":12,"covered":12,"skipped":0,"pct":100},"functions":{"total":4,"covered":4,"skipped":0,"pct":100},"statements":{"total":12,"covered":12,"skipped":0,"pct":100},"branches":{"total":20,"covered":17,"skipped":0,"pct":85}}
,"/Users/vasyaevdokimov/repos/personal-finance-dss/frontend/src/features/demo-sandbox/ui/DemoSandbox.tsx": {"lines":{"total":36,"covered":35,"skipped":0,"pct":97.22},"functions":{"total":12,"covered":11,"skipped":0,"pct":91.66},"statements":{"total":39,"covered":37,"skipped":0,"pct":94.87},"branches":{"total":39,"covered":31,"skipped":0,"pct":79.48}}
,"/Users/vasyaevdokimov/repos/personal-finance-dss/frontend/src/features/household-scope/HouseholdScopeField.tsx": {"lines":{"total":9,"covered":9,"skipped":0,"pct":100},"functions":{"total":4,"covered":4,"skipped":0,"pct":100},"statements":{"total":11,"covered":11,"skipped":0,"pct":100},"branches":{"total":11,"covered":11,"skipped":0,"pct":100}}
,"/Users/vasyaevdokimov/repos/personal-finance-dss/frontend/src/features/household-scope/SharedBadge.tsx": {"lines":{"total":4,"covered":4,"skipped":0,"pct":100},"functions":{"total":2,"covered":2,"skipped":0,"pct":100},"statements":{"total":6,"covered":6,"skipped":0,"pct":100},"branches":{"total":6,"covered":5,"skipped":0,"pct":83.33}}
,"/Users/vasyaevdokimov/repos/personal-finance-dss/frontend/src/features/household-scope/index.ts": {"lines":{"total":0,"covered":0,"skipped":0,"pct":100},"functions":{"total":0,"covered":0,"skipped":0,"pct":100},"statements":{"total":0,"covered":0,"skipped":0,"pct":100},"branches":{"total":0,"covered":0,"skipped":0,"pct":100}}
,"/Users/vasyaevdokimov/repos/personal-finance-dss/frontend/src/pages/assets/AssetsPage.tsx": {"lines":{"total":25,"covered":24,"skipped":0,"pct":96},"functions":{"total":9,"covered":7,"skipped":0,"pct":77.77},"statements":{"total":27,"covered":25,"skipped":0,"pct":92.59},"branches":{"total":18,"covered":17,"skipped":0,"pct":94.44}}
,"/Users/vasyaevdokimov/repos/personal-finance-dss/frontend/src/pages/assets/index.ts": {"lines":{"total":0,"covered":0,"skipped":0,"pct":100},"functions":{"total":0,"covered":0,"skipped":0,"pct":100},"statements":{"total":0,"covered":0,"skipped":0,"pct":100},"branches":{"total":0,"covered":0,"skipped":0,"pct":100}}
,"/Users/vasyaevdokimov/repos/personal-finance-dss/frontend/src/pages/assets/ui/AssetForm.tsx": {"lines":{"total":46,"covered":44,"skipped":0,"pct":95.65},"functions":{"total":11,"covered":9,"skipped":0,"pct":81.81},"statements":{"total":48,"covered":46,"skipped":0,"pct":95.83},"branches":{"total":56,"covered":55,"skipped":0,"pct":98.21}}
,"/Users/vasyaevdokimov/repos/personal-finance-dss/frontend/src/pages/assets/ui/AssetRow.tsx": {"lines":{"total":12,"covered":12,"skipped":0,"pct":100},"functions":{"total":7,"covered":7,"skipped":0,"pct":100},"statements":{"total":12,"covered":12,"skipped":0,"pct":100},"branches":{"total":4,"covered":2,"skipped":0,"pct":50}}
,"/Users/vasyaevdokimov/repos/personal-finance-dss/frontend/src/pages/auth/AuthLayout.tsx": {"lines":{"total":1,"covered":1,"skipped":0,"pct":100},"functions":{"total":1,"covered":1,"skipped":0,"pct":100},"statements":{"total":1,"covered":1,"skipped":0,"pct":100},"branches":{"total":4,"covered":4,"skipped":0,"pct":100}}
,"/Users/vasyaevdokimov/repos/personal-finance-dss/frontend/src/pages/auth/ForgotPasswordPage.tsx": {"lines":{"total":9,"covered":9,"skipped":0,"pct":100},"functions":{"total":3,"covered":3,"skipped":0,"pct":100},"statements":{"total":9,"covered":9,"skipped":0,"pct":100},"branches":{"total":12,"covered":8,"skipped":0,"pct":66.66}}
,"/Users/vasyaevdokimov/repos/personal-finance-dss/frontend/src/pages/auth/LoginPage.tsx": {"lines":{"total":31,"covered":30,"skipped":0,"pct":96.77},"functions":{"total":6,"covered":6,"skipped":0,"pct":100},"statements":{"total":32,"covered":30,"skipped":0,"pct":93.75},"branches":{"total":24,"covered":22,"skipped":0,"pct":91.66}}
,"/Users/vasyaevdokimov/repos/personal-finance-dss/frontend/src/pages/auth/RegisterPage.tsx": {"lines":{"total":21,"covered":18,"skipped":0,"pct":85.71},"functions":{"total":7,"covered":5,"skipped":0,"pct":71.42},"statements":{"total":21,"covered":18,"skipped":0,"pct":85.71},"branches":{"total":14,"covered":13,"skipped":0,"pct":92.85}}
,"/Users/vasyaevdokimov/repos/personal-finance-dss/frontend/src/pages/auth/ResetPasswordPage.tsx": {"lines":{"total":14,"covered":14,"skipped":0,"pct":100},"functions":{"total":3,"covered":3,"skipped":0,"pct":100},"statements":{"total":15,"covered":14,"skipped":0,"pct":93.33},"branches":{"total":10,"covered":8,"skipped":0,"pct":80}}
,"/Users/vasyaevdokimov/repos/personal-finance-dss/frontend/src/pages/auth/index.ts": {"lines":{"total":0,"covered":0,"skipped":0,"pct":100},"functions":{"total":0,"covered":0,"skipped":0,"pct":100},"statements":{"total":0,"covered":0,"skipped":0,"pct":100},"branches":{"total":0,"covered":0,"skipped":0,"pct":100}}
,"/Users/vasyaevdokimov/repos/personal-finance-dss/frontend/src/pages/dashboard/DashboardPage.tsx": {"lines":{"total":31,"covered":28,"skipped":0,"pct":90.32},"functions":{"total":6,"covered":3,"skipped":0,"pct":50},"statements":{"total":35,"covered":31,"skipped":0,"pct":88.57},"branches":{"total":28,"covered":27,"skipped":0,"pct":96.42}}
,"/Users/vasyaevdokimov/repos/personal-finance-dss/frontend/src/pages/dashboard/index.ts": {"lines":{"total":0,"covered":0,"skipped":0,"pct":100},"functions":{"total":0,"covered":0,"skipped":0,"pct":100},"statements":{"total":0,"covered":0,"skipped":0,"pct":100},"branches":{"total":0,"covered":0,"skipped":0,"pct":100}}
,"/Users/vasyaevdokimov/repos/personal-finance-dss/frontend/src/pages/dashboard/ui/BudgetForm.tsx": {"lines":{"total":33,"covered":33,"skipped":0,"pct":100},"functions":{"total":6,"covered":6,"skipped":0,"pct":100},"statements":{"total":34,"covered":34,"skipped":0,"pct":100},"branches":{"total":44,"covered":43,"skipped":0,"pct":97.72}}
,"/Users/vasyaevdokimov/repos/personal-finance-dss/frontend/src/pages/dashboard/ui/BudgetRow.tsx": {"lines":{"total":12,"covered":12,"skipped":0,"pct":100},"functions":{"total":7,"covered":7,"skipped":0,"pct":100},"statements":{"total":12,"covered":12,"skipped":0,"pct":100},"branches":{"total":6,"covered":5,"skipped":0,"pct":83.33}}
,"/Users/vasyaevdokimov/repos/personal-finance-dss/frontend/src/pages/dashboard/ui/BudgetsSection.tsx": {"lines":{"total":23,"covered":22,"skipped":0,"pct":95.65},"functions":{"total":9,"covered":7,"skipped":0,"pct":77.77},"statements":{"total":25,"covered":23,"skipped":0,"pct":92},"branches":{"total":16,"covered":15,"skipped":0,"pct":93.75}}
,"/Users/vasyaevdokimov/repos/personal-finance-dss/frontend/src/pages/dashboard/ui/DashboardEmpty.tsx": {"lines":{"total":3,"covered":3,"skipped":0,"pct":100},"functions":{"total":1,"covered":1,"skipped":0,"pct":100},"statements":{"total":3,"covered":3,"skipped":0,"pct":100},"branches":{"total":4,"covered":3,"skipped":0,"pct":75}}
,"/Users/vasyaevdokimov/repos/personal-finance-dss/frontend/src/pages/dashboard/ui/DashboardErrorState.tsx": {"lines":{"total":1,"covered":1,"skipped":0,"pct":100},"functions":{"total":1,"covered":1,"skipped":0,"pct":100},"statements":{"total":1,"covered":1,"skipped":0,"pct":100},"branches":{"total":2,"covered":1,"skipped":0,"pct":50}}
,"/Users/vasyaevdokimov/repos/personal-finance-dss/frontend/src/pages/dashboard/ui/DashboardSkeleton.tsx": {"lines":{"total":2,"covered":2,"skipped":0,"pct":100},"functions":{"total":2,"covered":2,"skipped":0,"pct":100},"statements":{"total":2,"covered":2,"skipped":0,"pct":100},"branches":{"total":0,"covered":0,"skipped":0,"pct":100}}
,"/Users/vasyaevdokimov/repos/personal-finance-dss/frontend/src/pages/dashboard/ui/Hero.tsx": {"lines":{"total":2,"covered":2,"skipped":0,"pct":100},"functions":{"total":1,"covered":1,"skipped":0,"pct":100},"statements":{"total":2,"covered":2,"skipped":0,"pct":100},"branches":{"total":2,"covered":1,"skipped":0,"pct":50}}
,"/Users/vasyaevdokimov/repos/personal-finance-dss/frontend/src/pages/experiments/index.ts": {"lines":{"total":0,"covered":0,"skipped":0,"pct":100},"functions":{"total":0,"covered":0,"skipped":0,"pct":100},"statements":{"total":0,"covered":0,"skipped":0,"pct":100},"branches":{"total":0,"covered":0,"skipped":0,"pct":100}}
,"/Users/vasyaevdokimov/repos/personal-finance-dss/frontend/src/pages/experiments/ui/ExperimentsPage.tsx": {"lines":{"total":43,"covered":43,"skipped":0,"pct":100},"functions":{"total":11,"covered":11,"skipped":0,"pct":100},"statements":{"total":47,"covered":47,"skipped":0,"pct":100},"branches":{"total":69,"covered":61,"skipped":0,"pct":88.4}}
,"/Users/vasyaevdokimov/repos/personal-finance-dss/frontend/src/pages/goals/GoalsPage.tsx": {"lines":{"total":29,"covered":28,"skipped":0,"pct":96.55},"functions":{"total":11,"covered":9,"skipped":0,"pct":81.81},"statements":{"total":31,"covered":29,"skipped":0,"pct":93.54},"branches":{"total":22,"covered":21,"skipped":0,"pct":95.45}}
,"/Users/vasyaevdokimov/repos/personal-finance-dss/frontend/src/pages/goals/index.ts": {"lines":{"total":0,"covered":0,"skipped":0,"pct":100},"functions":{"total":0,"covered":0,"skipped":0,"pct":100},"statements":{"total":0,"covered":0,"skipped":0,"pct":100},"branches":{"total":0,"covered":0,"skipped":0,"pct":100}}
,"/Users/vasyaevdokimov/repos/personal-finance-dss/frontend/src/pages/goals/ui/GoalContributionForm.tsx": {"lines":{"total":20,"covered":20,"skipped":0,"pct":100},"functions":{"total":4,"covered":4,"skipped":0,"pct":100},"statements":{"total":21,"covered":20,"skipped":0,"pct":95.23},"branches":{"total":20,"covered":18,"skipped":0,"pct":90}}
,"/Users/vasyaevdokimov/repos/personal-finance-dss/frontend/src/pages/goals/ui/GoalForm.tsx": {"lines":{"total":51,"covered":50,"skipped":0,"pct":98.03},"functions":{"total":13,"covered":12,"skipped":0,"pct":92.3},"statements":{"total":52,"covered":51,"skipped":0,"pct":98.07},"branches":{"total":76,"covered":69,"skipped":0,"pct":90.78}}
,"/Users/vasyaevdokimov/repos/personal-finance-dss/frontend/src/pages/goals/ui/GoalRow.tsx": {"lines":{"total":24,"covered":24,"skipped":0,"pct":100},"functions":{"total":9,"covered":9,"skipped":0,"pct":100},"statements":{"total":24,"covered":24,"skipped":0,"pct":100},"branches":{"total":21,"covered":15,"skipped":0,"pct":71.42}}
,"/Users/vasyaevdokimov/repos/personal-finance-dss/frontend/src/pages/households/HouseholdsPage.tsx": {"lines":{"total":93,"covered":91,"skipped":0,"pct":97.84},"functions":{"total":44,"covered":42,"skipped":0,"pct":95.45},"statements":{"total":99,"covered":96,"skipped":0,"pct":96.96},"branches":{"total":79,"covered":74,"skipped":0,"pct":93.67}}
,"/Users/vasyaevdokimov/repos/personal-finance-dss/frontend/src/pages/households/JoinPage.tsx": {"lines":{"total":17,"covered":17,"skipped":0,"pct":100},"functions":{"total":5,"covered":5,"skipped":0,"pct":100},"statements":{"total":19,"covered":19,"skipped":0,"pct":100},"branches":{"total":34,"covered":34,"skipped":0,"pct":100}}
,"/Users/vasyaevdokimov/repos/personal-finance-dss/frontend/src/pages/households/index.ts": {"lines":{"total":0,"covered":0,"skipped":0,"pct":100},"functions":{"total":0,"covered":0,"skipped":0,"pct":100},"statements":{"total":0,"covered":0,"skipped":0,"pct":100},"branches":{"total":0,"covered":0,"skipped":0,"pct":100}}
,"/Users/vasyaevdokimov/repos/personal-finance-dss/frontend/src/pages/insights/index.ts": {"lines":{"total":0,"covered":0,"skipped":0,"pct":100},"functions":{"total":0,"covered":0,"skipped":0,"pct":100},"statements":{"total":0,"covered":0,"skipped":0,"pct":100},"branches":{"total":0,"covered":0,"skipped":0,"pct":100}}
,"/Users/vasyaevdokimov/repos/personal-finance-dss/frontend/src/pages/insights/ui/InsightsPage.tsx": {"lines":{"total":37,"covered":37,"skipped":0,"pct":100},"functions":{"total":7,"covered":7,"skipped":0,"pct":100},"statements":{"total":38,"covered":38,"skipped":0,"pct":100},"branches":{"total":55,"covered":47,"skipped":0,"pct":85.45}}
,"/Users/vasyaevdokimov/repos/personal-finance-dss/frontend/src/pages/legal/index.ts": {"lines":{"total":0,"covered":0,"skipped":0,"pct":100},"functions":{"total":0,"covered":0,"skipped":0,"pct":100},"statements":{"total":0,"covered":0,"skipped":0,"pct":100},"branches":{"total":0,"covered":0,"skipped":0,"pct":100}}
,"/Users/vasyaevdokimov/repos/personal-finance-dss/frontend/src/pages/legal/ui/LegalDocumentPage.tsx": {"lines":{"total":34,"covered":32,"skipped":0,"pct":94.11},"functions":{"total":12,"covered":11,"skipped":0,"pct":91.66},"statements":{"total":37,"covered":35,"skipped":0,"pct":94.59},"branches":{"total":46,"covered":45,"skipped":0,"pct":97.82}}
,"/Users/vasyaevdokimov/repos/personal-finance-dss/frontend/src/pages/obligations/ObligationsPage.tsx": {"lines":{"total":25,"covered":23,"skipped":0,"pct":92},"functions":{"total":9,"covered":7,"skipped":0,"pct":77.77},"statements":{"total":27,"covered":24,"skipped":0,"pct":88.88},"branches":{"total":18,"covered":16,"skipped":0,"pct":88.88}}
,"/Users/vasyaevdokimov/repos/personal-finance-dss/frontend/src/pages/obligations/index.ts": {"lines":{"total":0,"covered":0,"skipped":0,"pct":100},"functions":{"total":0,"covered":0,"skipped":0,"pct":100},"statements":{"total":0,"covered":0,"skipped":0,"pct":100},"branches":{"total":0,"covered":0,"skipped":0,"pct":100}}
,"/Users/vasyaevdokimov/repos/personal-finance-dss/frontend/src/pages/obligations/ui/ObligationForm.tsx": {"lines":{"total":57,"covered":56,"skipped":0,"pct":98.24},"functions":{"total":14,"covered":13,"skipped":0,"pct":92.85},"statements":{"total":59,"covered":58,"skipped":0,"pct":98.3},"branches":{"total":80,"covered":78,"skipped":0,"pct":97.5}}
,"/Users/vasyaevdokimov/repos/personal-finance-dss/frontend/src/pages/obligations/ui/ObligationRow.tsx": {"lines":{"total":12,"covered":12,"skipped":0,"pct":100},"functions":{"total":7,"covered":7,"skipped":0,"pct":100},"statements":{"total":12,"covered":12,"skipped":0,"pct":100},"branches":{"total":4,"covered":2,"skipped":0,"pct":50}}
,"/Users/vasyaevdokimov/repos/personal-finance-dss/frontend/src/pages/planning/PlanningPage.tsx": {"lines":{"total":30,"covered":28,"skipped":0,"pct":93.33},"functions":{"total":5,"covered":3,"skipped":0,"pct":60},"statements":{"total":31,"covered":28,"skipped":0,"pct":90.32},"branches":{"total":32,"covered":32,"skipped":0,"pct":100}}
,"/Users/vasyaevdokimov/repos/personal-finance-dss/frontend/src/pages/planning/index.ts": {"lines":{"total":0,"covered":0,"skipped":0,"pct":100},"functions":{"total":0,"covered":0,"skipped":0,"pct":100},"statements":{"total":0,"covered":0,"skipped":0,"pct":100},"branches":{"total":0,"covered":0,"skipped":0,"pct":100}}
,"/Users/vasyaevdokimov/repos/personal-finance-dss/frontend/src/pages/planning/ui/AlternativesBrowser.tsx": {"lines":{"total":18,"covered":18,"skipped":0,"pct":100},"functions":{"total":10,"covered":10,"skipped":0,"pct":100},"statements":{"total":20,"covered":20,"skipped":0,"pct":100},"branches":{"total":36,"covered":30,"skipped":0,"pct":83.33}}
,"/Users/vasyaevdokimov/repos/personal-finance-dss/frontend/src/pages/planning/ui/CrisisPlanSection.tsx": {"lines":{"total":27,"covered":27,"skipped":0,"pct":100},"functions":{"total":6,"covered":6,"skipped":0,"pct":100},"statements":{"total":34,"covered":31,"skipped":0,"pct":91.17},"branches":{"total":45,"covered":37,"skipped":0,"pct":82.22}}
,"/Users/vasyaevdokimov/repos/personal-finance-dss/frontend/src/pages/planning/ui/PlanExportSection.tsx": {"lines":{"total":24,"covered":23,"skipped":0,"pct":95.83},"functions":{"total":6,"covered":5,"skipped":0,"pct":83.33},"statements":{"total":26,"covered":25,"skipped":0,"pct":96.15},"branches":{"total":8,"covered":7,"skipped":0,"pct":87.5}}
,"/Users/vasyaevdokimov/repos/personal-finance-dss/frontend/src/pages/planning/ui/PlanHistorySection.tsx": {"lines":{"total":38,"covered":37,"skipped":0,"pct":97.36},"functions":{"total":18,"covered":17,"skipped":0,"pct":94.44},"statements":{"total":41,"covered":38,"skipped":0,"pct":92.68},"branches":{"total":40,"covered":35,"skipped":0,"pct":87.5}}
,"/Users/vasyaevdokimov/repos/personal-finance-dss/frontend/src/pages/planning/ui/PlanSettingsSection.tsx": {"lines":{"total":33,"covered":30,"skipped":0,"pct":90.9},"functions":{"total":11,"covered":8,"skipped":0,"pct":72.72},"statements":{"total":35,"covered":31,"skipped":0,"pct":88.57},"branches":{"total":40,"covered":39,"skipped":0,"pct":97.5}}
,"/Users/vasyaevdokimov/repos/personal-finance-dss/frontend/src/pages/profile/AccountSection.tsx": {"lines":{"total":23,"covered":23,"skipped":0,"pct":100},"functions":{"total":10,"covered":10,"skipped":0,"pct":100},"statements":{"total":26,"covered":26,"skipped":0,"pct":100},"branches":{"total":18,"covered":17,"skipped":0,"pct":94.44}}
,"/Users/vasyaevdokimov/repos/personal-finance-dss/frontend/src/pages/profile/ConsentsSection.tsx": {"lines":{"total":26,"covered":25,"skipped":0,"pct":96.15},"functions":{"total":14,"covered":13,"skipped":0,"pct":92.85},"statements":{"total":29,"covered":26,"skipped":0,"pct":89.65},"branches":{"total":26,"covered":22,"skipped":0,"pct":84.61}}
,"/Users/vasyaevdokimov/repos/personal-finance-dss/frontend/src/pages/profile/ProfilePage.tsx": {"lines":{"total":21,"covered":18,"skipped":0,"pct":85.71},"functions":{"total":5,"covered":3,"skipped":0,"pct":60},"statements":{"total":22,"covered":18,"skipped":0,"pct":81.81},"branches":{"total":26,"covered":21,"skipped":0,"pct":80.76}}
,"/Users/vasyaevdokimov/repos/personal-finance-dss/frontend/src/pages/profile/ReferralSection.tsx": {"lines":{"total":8,"covered":7,"skipped":0,"pct":87.5},"functions":{"total":3,"covered":2,"skipped":0,"pct":66.66},"statements":{"total":8,"covered":7,"skipped":0,"pct":87.5},"branches":{"total":16,"covered":16,"skipped":0,"pct":100}}
,"/Users/vasyaevdokimov/repos/personal-finance-dss/frontend/src/pages/profile/index.ts": {"lines":{"total":0,"covered":0,"skipped":0,"pct":100},"functions":{"total":0,"covered":0,"skipped":0,"pct":100},"statements":{"total":0,"covered":0,"skipped":0,"pct":100},"branches":{"total":0,"covered":0,"skipped":0,"pct":100}}
,"/Users/vasyaevdokimov/repos/personal-finance-dss/frontend/src/pages/spending/index.ts": {"lines":{"total":0,"covered":0,"skipped":0,"pct":100},"functions":{"total":0,"covered":0,"skipped":0,"pct":100},"statements":{"total":0,"covered":0,"skipped":0,"pct":100},"branches":{"total":0,"covered":0,"skipped":0,"pct":100}}
,"/Users/vasyaevdokimov/repos/personal-finance-dss/frontend/src/pages/spending/ui/SpendingPage.tsx": {"lines":{"total":36,"covered":34,"skipped":0,"pct":94.44},"functions":{"total":13,"covered":11,"skipped":0,"pct":84.61},"statements":{"total":38,"covered":35,"skipped":0,"pct":92.1},"branches":{"total":60,"covered":56,"skipped":0,"pct":93.33}}
,"/Users/vasyaevdokimov/repos/personal-finance-dss/frontend/src/pages/transactions/TransactionsPage.tsx": {"lines":{"total":25,"covered":24,"skipped":0,"pct":96},"functions":{"total":9,"covered":7,"skipped":0,"pct":77.77},"statements":{"total":27,"covered":25,"skipped":0,"pct":92.59},"branches":{"total":18,"covered":17,"skipped":0,"pct":94.44}}
,"/Users/vasyaevdokimov/repos/personal-finance-dss/frontend/src/pages/transactions/index.ts": {"lines":{"total":0,"covered":0,"skipped":0,"pct":100},"functions":{"total":0,"covered":0,"skipped":0,"pct":100},"statements":{"total":0,"covered":0,"skipped":0,"pct":100},"branches":{"total":0,"covered":0,"skipped":0,"pct":100}}
,"/Users/vasyaevdokimov/repos/personal-finance-dss/frontend/src/pages/transactions/ui/StatementImportSection.tsx": {"lines":{"total":34,"covered":34,"skipped":0,"pct":100},"functions":{"total":8,"covered":8,"skipped":0,"pct":100},"statements":{"total":37,"covered":36,"skipped":0,"pct":97.29},"branches":{"total":46,"covered":38,"skipped":0,"pct":82.6}}
,"/Users/vasyaevdokimov/repos/personal-finance-dss/frontend/src/pages/transactions/ui/TransactionForm.tsx": {"lines":{"total":45,"covered":43,"skipped":0,"pct":95.55},"functions":{"total":11,"covered":9,"skipped":0,"pct":81.81},"statements":{"total":47,"covered":45,"skipped":0,"pct":95.74},"branches":{"total":58,"covered":57,"skipped":0,"pct":98.27}}
,"/Users/vasyaevdokimov/repos/personal-finance-dss/frontend/src/pages/transactions/ui/TransactionRow.tsx": {"lines":{"total":13,"covered":13,"skipped":0,"pct":100},"functions":{"total":7,"covered":7,"skipped":0,"pct":100},"statements":{"total":13,"covered":13,"skipped":0,"pct":100},"branches":{"total":14,"covered":12,"skipped":0,"pct":85.71}}
,"/Users/vasyaevdokimov/repos/personal-finance-dss/frontend/src/shared/api/client.ts": {"lines":{"total":9,"covered":8,"skipped":0,"pct":88.88},"functions":{"total":2,"covered":2,"skipped":0,"pct":100},"statements":{"total":9,"covered":8,"skipped":0,"pct":88.88},"branches":{"total":8,"covered":7,"skipped":0,"pct":87.5}}
,"/Users/vasyaevdokimov/repos/personal-finance-dss/frontend/src/shared/lib/api/extractErrorMessage.ts": {"lines":{"total":25,"covered":25,"skipped":0,"pct":100},"functions":{"total":3,"covered":3,"skipped":0,"pct":100},"statements":{"total":31,"covered":31,"skipped":0,"pct":100},"branches":{"total":59,"covered":58,"skipped":0,"pct":98.3}}
,"/Users/vasyaevdokimov/repos/personal-finance-dss/frontend/src/shared/lib/date/formatDate.ts": {"lines":{"total":5,"covered":5,"skipped":0,"pct":100},"functions":{"total":1,"covered":1,"skipped":0,"pct":100},"statements":{"total":6,"covered":6,"skipped":0,"pct":100},"branches":{"total":6,"covered":6,"skipped":0,"pct":100}}
,"/Users/vasyaevdokimov/repos/personal-finance-dss/frontend/src/shared/lib/download/downloadFile.ts": {"lines":{"total":30,"covered":30,"skipped":0,"pct":100},"functions":{"total":4,"covered":4,"skipped":0,"pct":100},"statements":{"total":32,"covered":32,"skipped":0,"pct":100},"branches":{"total":16,"covered":14,"skipped":0,"pct":87.5}}
,"/Users/vasyaevdokimov/repos/personal-finance-dss/frontend/src/shared/lib/i18n/plural.ts": {"lines":{"total":8,"covered":8,"skipped":0,"pct":100},"functions":{"total":2,"covered":2,"skipped":0,"pct":100},"statements":{"total":11,"covered":10,"skipped":0,"pct":90.9},"branches":{"total":10,"covered":8,"skipped":0,"pct":80}}
,"/Users/vasyaevdokimov/repos/personal-finance-dss/frontend/src/shared/lib/i18n/t.ts": {"lines":{"total":3,"covered":3,"skipped":0,"pct":100},"functions":{"total":2,"covered":2,"skipped":0,"pct":100},"statements":{"total":4,"covered":4,"skipped":0,"pct":100},"branches":{"total":4,"covered":3,"skipped":0,"pct":75}}
,"/Users/vasyaevdokimov/repos/personal-finance-dss/frontend/src/shared/lib/money/formatMoney.ts": {"lines":{"total":14,"covered":14,"skipped":0,"pct":100},"functions":{"total":3,"covered":3,"skipped":0,"pct":100},"statements":{"total":14,"covered":14,"skipped":0,"pct":100},"branches":{"total":12,"covered":12,"skipped":0,"pct":100}}
,"/Users/vasyaevdokimov/repos/personal-finance-dss/frontend/src/shared/lib/navigation/redirectTarget.ts": {"lines":{"total":6,"covered":6,"skipped":0,"pct":100},"functions":{"total":1,"covered":1,"skipped":0,"pct":100},"statements":{"total":11,"covered":10,"skipped":0,"pct":90.9},"branches":{"total":12,"covered":11,"skipped":0,"pct":91.66}}
,"/Users/vasyaevdokimov/repos/personal-finance-dss/frontend/src/shared/lib/test/forecastFixtures.ts": {"lines":{"total":2,"covered":2,"skipped":0,"pct":100},"functions":{"total":2,"covered":2,"skipped":0,"pct":100},"statements":{"total":2,"covered":2,"skipped":0,"pct":100},"branches":{"total":2,"covered":2,"skipped":0,"pct":100}}
,"/Users/vasyaevdokimov/repos/personal-finance-dss/frontend/src/shared/lib/theme/useThemeStore.ts": {"lines":{"total":24,"covered":24,"skipped":0,"pct":100},"functions":{"total":9,"covered":8,"skipped":0,"pct":88.88},"statements":{"total":30,"covered":27,"skipped":0,"pct":90},"branches":{"total":20,"covered":16,"skipped":0,"pct":80}}
,"/Users/vasyaevdokimov/repos/personal-finance-dss/frontend/src/shared/ui/Button.tsx": {"lines":{"total":4,"covered":4,"skipped":0,"pct":100},"functions":{"total":1,"covered":1,"skipped":0,"pct":100},"statements":{"total":4,"covered":4,"skipped":0,"pct":100},"branches":{"total":4,"covered":4,"skipped":0,"pct":100}}
,"/Users/vasyaevdokimov/repos/personal-finance-dss/frontend/src/shared/ui/CopyLinkField.tsx": {"lines":{"total":11,"covered":11,"skipped":0,"pct":100},"functions":{"total":4,"covered":4,"skipped":0,"pct":100},"statements":{"total":11,"covered":11,"skipped":0,"pct":100},"branches":{"total":3,"covered":2,"skipped":0,"pct":66.66}}
,"/Users/vasyaevdokimov/repos/personal-finance-dss/frontend/src/shared/ui/Formula.tsx": {"lines":{"total":3,"covered":3,"skipped":0,"pct":100},"functions":{"total":3,"covered":3,"skipped":0,"pct":100},"statements":{"total":4,"covered":4,"skipped":0,"pct":100},"branches":{"total":2,"covered":2,"skipped":0,"pct":100}}
,"/Users/vasyaevdokimov/repos/personal-finance-dss/frontend/src/shared/ui/FormulaBody.tsx": {"lines":{"total":2,"covered":2,"skipped":0,"pct":100},"functions":{"total":1,"covered":1,"skipped":0,"pct":100},"statements":{"total":2,"covered":2,"skipped":0,"pct":100},"branches":{"total":1,"covered":1,"skipped":0,"pct":100}}
,"/Users/vasyaevdokimov/repos/personal-finance-dss/frontend/src/shared/ui/ListSkeleton.tsx": {"lines":{"total":2,"covered":2,"skipped":0,"pct":100},"functions":{"total":2,"covered":2,"skipped":0,"pct":100},"statements":{"total":2,"covered":2,"skipped":0,"pct":100},"branches":{"total":1,"covered":1,"skipped":0,"pct":100}}
,"/Users/vasyaevdokimov/repos/personal-finance-dss/frontend/src/shared/ui/Modal.tsx": {"lines":{"total":15,"covered":15,"skipped":0,"pct":100},"functions":{"total":3,"covered":3,"skipped":0,"pct":100},"statements":{"total":15,"covered":15,"skipped":0,"pct":100},"branches":{"total":6,"covered":6,"skipped":0,"pct":100}}
,"/Users/vasyaevdokimov/repos/personal-finance-dss/frontend/src/shared/ui/StatePanel.tsx": {"lines":{"total":2,"covered":2,"skipped":0,"pct":100},"functions":{"total":1,"covered":1,"skipped":0,"pct":100},"statements":{"total":2,"covered":2,"skipped":0,"pct":100},"branches":{"total":4,"covered":4,"skipped":0,"pct":100}}
,"/Users/vasyaevdokimov/repos/personal-finance-dss/frontend/src/shared/ui/ThemeToggle.tsx": {"lines":{"total":7,"covered":7,"skipped":0,"pct":100},"functions":{"total":5,"covered":5,"skipped":0,"pct":100},"statements":{"total":9,"covered":9,"skipped":0,"pct":100},"branches":{"total":0,"covered":0,"skipped":0,"pct":100}}
,"/Users/vasyaevdokimov/repos/personal-finance-dss/frontend/src/shared/ui/Toast.tsx": {"lines":{"total":7,"covered":7,"skipped":0,"pct":100},"functions":{"total":5,"covered":5,"skipped":0,"pct":100},"statements":{"total":10,"covered":10,"skipped":0,"pct":100},"branches":{"total":14,"covered":10,"skipped":0,"pct":71.42}}
,"/Users/vasyaevdokimov/repos/personal-finance-dss/frontend/src/shared/ui/Tooltip.tsx": {"lines":{"total":2,"covered":0,"skipped":0,"pct":0},"functions":{"total":2,"covered":0,"skipped":0,"pct":0},"statements":{"total":2,"covered":0,"skipped":0,"pct":0},"branches":{"total":0,"covered":0,"skipped":0,"pct":100}}
,"/Users/vasyaevdokimov/repos/personal-finance-dss/frontend/src/shared/ui/index.ts": {"lines":{"total":0,"covered":0,"skipped":0,"pct":100},"functions":{"total":0,"covered":0,"skipped":0,"pct":100},"statements":{"total":0,"covered":0,"skipped":0,"pct":100},"branches":{"total":0,"covered":0,"skipped":0,"pct":100}}
,"/Users/vasyaevdokimov/repos/personal-finance-dss/frontend/src/shared/ui/toastStore.ts": {"lines":{"total":12,"covered":10,"skipped":0,"pct":83.33},"functions":{"total":10,"covered":9,"skipped":0,"pct":90},"statements":{"total":16,"covered":14,"skipped":0,"pct":87.5},"branches":{"total":2,"covered":2,"skipped":0,"pct":100}}
,"/Users/vasyaevdokimov/repos/personal-finance-dss/frontend/src/widgets/allocation-panel/AllocationPanel.tsx": {"lines":{"total":49,"covered":43,"skipped":0,"pct":87.75},"functions":{"total":18,"covered":15,"skipped":0,"pct":83.33},"statements":{"total":53,"covered":47,"skipped":0,"pct":88.67},"branches":{"total":71,"covered":58,"skipped":0,"pct":81.69}}
,"/Users/vasyaevdokimov/repos/personal-finance-dss/frontend/src/widgets/allocation-panel/UtilityFormula.tsx": {"lines":{"total":6,"covered":6,"skipped":0,"pct":100},"functions":{"total":5,"covered":5,"skipped":0,"pct":100},"statements":{"total":8,"covered":8,"skipped":0,"pct":100},"branches":{"total":4,"covered":4,"skipped":0,"pct":100}}
,"/Users/vasyaevdokimov/repos/personal-finance-dss/frontend/src/widgets/allocation-panel/UtilityFormulaBody.tsx": {"lines":{"total":9,"covered":9,"skipped":0,"pct":100},"functions":{"total":5,"covered":5,"skipped":0,"pct":100},"statements":{"total":9,"covered":9,"skipped":0,"pct":100},"branches":{"total":0,"covered":0,"skipped":0,"pct":100}}
,"/Users/vasyaevdokimov/repos/personal-finance-dss/frontend/src/widgets/allocation-panel/WhatIfSliders.tsx": {"lines":{"total":17,"covered":16,"skipped":0,"pct":94.11},"functions":{"total":8,"covered":8,"skipped":0,"pct":100},"statements":{"total":20,"covered":19,"skipped":0,"pct":95},"branches":{"total":25,"covered":24,"skipped":0,"pct":96}}
,"/Users/vasyaevdokimov/repos/personal-finance-dss/frontend/src/widgets/allocation-panel/buildAllocationSankeyData.ts": {"lines":{"total":9,"covered":9,"skipped":0,"pct":100},"functions":{"total":1,"covered":1,"skipped":0,"pct":100},"statements":{"total":9,"covered":9,"skipped":0,"pct":100},"branches":{"total":8,"covered":5,"skipped":0,"pct":62.5}}
,"/Users/vasyaevdokimov/repos/personal-finance-dss/frontend/src/widgets/allocation-panel/findMatchingAlternative.ts": {"lines":{"total":8,"covered":8,"skipped":0,"pct":100},"functions":{"total":6,"covered":6,"skipped":0,"pct":100},"statements":{"total":10,"covered":10,"skipped":0,"pct":100},"branches":{"total":10,"covered":7,"skipped":0,"pct":70}}
,"/Users/vasyaevdokimov/repos/personal-finance-dss/frontend/src/widgets/allocation-panel/index.ts": {"lines":{"total":0,"covered":0,"skipped":0,"pct":100},"functions":{"total":0,"covered":0,"skipped":0,"pct":100},"statements":{"total":0,"covered":0,"skipped":0,"pct":100},"branches":{"total":0,"covered":0,"skipped":0,"pct":100}}
,"/Users/vasyaevdokimov/repos/personal-finance-dss/frontend/src/widgets/app-nav/AppNav.tsx": {"lines":{"total":6,"covered":6,"skipped":0,"pct":100},"functions":{"total":2,"covered":2,"skipped":0,"pct":100},"statements":{"total":9,"covered":9,"skipped":0,"pct":100},"branches":{"total":12,"covered":11,"skipped":0,"pct":91.66}}
,"/Users/vasyaevdokimov/repos/personal-finance-dss/frontend/src/widgets/app-nav/index.ts": {"lines":{"total":0,"covered":0,"skipped":0,"pct":100},"functions":{"total":0,"covered":0,"skipped":0,"pct":100},"statements":{"total":0,"covered":0,"skipped":0,"pct":100},"branches":{"total":0,"covered":0,"skipped":0,"pct":100}}
,"/Users/vasyaevdokimov/repos/personal-finance-dss/frontend/src/widgets/app-nav/navItems.ts": {"lines":{"total":2,"covered":2,"skipped":0,"pct":100},"functions":{"total":0,"covered":0,"skipped":0,"pct":100},"statements":{"total":2,"covered":2,"skipped":0,"pct":100},"branches":{"total":0,"covered":0,"skipped":0,"pct":100}}
,"/Users/vasyaevdokimov/repos/personal-finance-dss/frontend/src/widgets/auth-topbar/AuthTopbarLink.tsx": {"lines":{"total":7,"covered":7,"skipped":0,"pct":100},"functions":{"total":2,"covered":2,"skipped":0,"pct":100},"statements":{"total":8,"covered":8,"skipped":0,"pct":100},"branches":{"total":6,"covered":6,"skipped":0,"pct":100}}
,"/Users/vasyaevdokimov/repos/personal-finance-dss/frontend/src/widgets/auth-topbar/index.ts": {"lines":{"total":0,"covered":0,"skipped":0,"pct":100},"functions":{"total":0,"covered":0,"skipped":0,"pct":100},"statements":{"total":0,"covered":0,"skipped":0,"pct":100},"branches":{"total":0,"covered":0,"skipped":0,"pct":100}}
,"/Users/vasyaevdokimov/repos/personal-finance-dss/frontend/src/widgets/cookie-banner/CookieBanner.tsx": {"lines":{"total":25,"covered":24,"skipped":0,"pct":96},"functions":{"total":7,"covered":6,"skipped":0,"pct":85.71},"statements":{"total":27,"covered":26,"skipped":0,"pct":96.29},"branches":{"total":11,"covered":11,"skipped":0,"pct":100}}
,"/Users/vasyaevdokimov/repos/personal-finance-dss/frontend/src/widgets/cookie-banner/cookieConsent.ts": {"lines":{"total":15,"covered":15,"skipped":0,"pct":100},"functions":{"total":3,"covered":3,"skipped":0,"pct":100},"statements":{"total":17,"covered":17,"skipped":0,"pct":100},"branches":{"total":12,"covered":11,"skipped":0,"pct":91.66}}
,"/Users/vasyaevdokimov/repos/personal-finance-dss/frontend/src/widgets/cookie-banner/index.ts": {"lines":{"total":0,"covered":0,"skipped":0,"pct":100},"functions":{"total":0,"covered":0,"skipped":0,"pct":100},"statements":{"total":0,"covered":0,"skipped":0,"pct":100},"branches":{"total":0,"covered":0,"skipped":0,"pct":100}}
,"/Users/vasyaevdokimov/repos/personal-finance-dss/frontend/src/widgets/forecast-panel/ForecastControls.tsx": {"lines":{"total":29,"covered":27,"skipped":0,"pct":93.1},"functions":{"total":11,"covered":11,"skipped":0,"pct":100},"statements":{"total":32,"covered":30,"skipped":0,"pct":93.75},"branches":{"total":11,"covered":10,"skipped":0,"pct":90.9}}
,"/Users/vasyaevdokimov/repos/personal-finance-dss/frontend/src/widgets/forecast-panel/ForecastPanel.tsx": {"lines":{"total":24,"covered":22,"skipped":0,"pct":91.66},"functions":{"total":10,"covered":8,"skipped":0,"pct":80},"statements":{"total":28,"covered":25,"skipped":0,"pct":89.28},"branches":{"total":38,"covered":33,"skipped":0,"pct":86.84}}
,"/Users/vasyaevdokimov/repos/personal-finance-dss/frontend/src/widgets/forecast-panel/buildForecastChartData.ts": {"lines":{"total":4,"covered":4,"skipped":0,"pct":100},"functions":{"total":2,"covered":2,"skipped":0,"pct":100},"statements":{"total":4,"covered":4,"skipped":0,"pct":100},"branches":{"total":4,"covered":2,"skipped":0,"pct":50}}
,"/Users/vasyaevdokimov/repos/personal-finance-dss/frontend/src/widgets/forecast-panel/index.ts": {"lines":{"total":0,"covered":0,"skipped":0,"pct":100},"functions":{"total":0,"covered":0,"skipped":0,"pct":100},"statements":{"total":0,"covered":0,"skipped":0,"pct":100},"branches":{"total":0,"covered":0,"skipped":0,"pct":100}}
,"/Users/vasyaevdokimov/repos/personal-finance-dss/frontend/src/widgets/legal-footer/LegalFooter.tsx": {"lines":{"total":11,"covered":9,"skipped":0,"pct":81.81},"functions":{"total":6,"covered":5,"skipped":0,"pct":83.33},"statements":{"total":12,"covered":10,"skipped":0,"pct":83.33},"branches":{"total":9,"covered":9,"skipped":0,"pct":100}}
,"/Users/vasyaevdokimov/repos/personal-finance-dss/frontend/src/widgets/legal-footer/index.ts": {"lines":{"total":0,"covered":0,"skipped":0,"pct":100},"functions":{"total":0,"covered":0,"skipped":0,"pct":100},"statements":{"total":0,"covered":0,"skipped":0,"pct":100},"branches":{"total":0,"covered":0,"skipped":0,"pct":100}}
,"/Users/vasyaevdokimov/repos/personal-finance-dss/frontend/src/widgets/metrics-grid/MetricCard.tsx": {"lines":{"total":2,"covered":2,"skipped":0,"pct":100},"functions":{"total":1,"covered":1,"skipped":0,"pct":100},"statements":{"total":2,"covered":2,"skipped":0,"pct":100},"branches":{"total":11,"covered":11,"skipped":0,"pct":100}}
,"/Users/vasyaevdokimov/repos/personal-finance-dss/frontend/src/widgets/metrics-grid/MetricsGrid.tsx": {"lines":{"total":9,"covered":9,"skipped":0,"pct":100},"functions":{"total":1,"covered":1,"skipped":0,"pct":100},"statements":{"total":9,"covered":9,"skipped":0,"pct":100},"branches":{"total":22,"covered":21,"skipped":0,"pct":95.45}}
,"/Users/vasyaevdokimov/repos/personal-finance-dss/frontend/src/widgets/metrics-grid/ZoneScale.tsx": {"lines":{"total":5,"covered":5,"skipped":0,"pct":100},"functions":{"total":3,"covered":3,"skipped":0,"pct":100},"statements":{"total":5,"covered":5,"skipped":0,"pct":100},"branches":{"total":2,"covered":2,"skipped":0,"pct":100}}
,"/Users/vasyaevdokimov/repos/personal-finance-dss/frontend/src/widgets/metrics-grid/index.ts": {"lines":{"total":0,"covered":0,"skipped":0,"pct":100},"functions":{"total":0,"covered":0,"skipped":0,"pct":100},"statements":{"total":0,"covered":0,"skipped":0,"pct":100},"branches":{"total":0,"covered":0,"skipped":0,"pct":100}}
,"/Users/vasyaevdokimov/repos/personal-finance-dss/frontend/src/widgets/notification-bell/NotificationBell.tsx": {"lines":{"total":30,"covered":27,"skipped":0,"pct":90},"functions":{"total":11,"covered":8,"skipped":0,"pct":72.72},"statements":{"total":33,"covered":29,"skipped":0,"pct":87.87},"branches":{"total":42,"covered":39,"skipped":0,"pct":92.85}}
,"/Users/vasyaevdokimov/repos/personal-finance-dss/frontend/src/widgets/notification-bell/index.ts": {"lines":{"total":0,"covered":0,"skipped":0,"pct":100},"functions":{"total":0,"covered":0,"skipped":0,"pct":100},"statements":{"total":0,"covered":0,"skipped":0,"pct":100},"branches":{"total":0,"covered":0,"skipped":0,"pct":100}}
}
